#
# A fatal error has been detected by the Java Runtime Environment:
#
#  EXCEPTION_ACCESS_VIOLATION (0xc0000005) at pc=0x00007ff83d11c536, pid=7456, tid=15972
#
# JRE version: OpenJDK Runtime Environment Microsoft-11369940 (21.0.7+6) (build 21.0.7+6-LTS)
# Java VM: OpenJDK 64-Bit Server VM Microsoft-11369940 (21.0.7+6-LTS, mixed mode, tiered, compressed oops, compressed class ptrs, g1 gc, windows-amd64)
# Problematic frame:
# V  [jvm.dll+0xc536]
#
# No core dump will be written. Minidumps are not enabled by default on client versions of Windows
#
# If you would like to submit a bug report, please visit:
#   https://aka.ms/minecraftjavacrashes
#

---------------  S U M M A R Y ------------

Command Line: -XX:HeapDumpPath=MojangTricksIntelDriversForPerformance_javaw.exe_minecraft.exe.heapdump -Xss1M -Djava.library.path=\AppData\Roaming\.minecraft\bin\61c00ce643ee340df6ab1ab547afca90fd7fb6fa -Djna.tmpdir=\AppData\Roaming\.minecraft\bin\61c00ce643ee340df6ab1ab547afca90fd7fb6fa -Dorg.lwjgl.system.SharedLibraryExtractPath=\AppData\Roaming\.minecraft\bin\61c00ce643ee340df6ab1ab547afca90fd7fb6fa -Dio.netty.native.workdir=\AppData\Roaming\.minecraft\bin\61c00ce643ee340df6ab1ab547afca90fd7fb6fa -Dminecraft.launcher.brand=minecraft-launcher -Dminecraft.launcher.version=3.28.21 -Djava.net.preferIPv6Addresses=system -DignoreList=client-extra,neoforge-21.1.169.jar -DlibraryDirectory=\AppData\Roaming\.minecraft\libraries --module-path=\AppData\Roaming\.minecraft\libraries/cpw/mods/bootstraplauncher/2.0.2/bootstraplauncher-2.0.2.jar;\AppData\Roaming\.minecraft\libraries/cpw/mods/securejarhandler/3.0.8/securejarhandler-3.0.8.jar;\AppData\Roaming\.minecraft\libraries/org/ow2/asm/asm-commons/9.7/asm-commons-9.7.jar;\AppData\Roaming\.minecraft\libraries/org/ow2/asm/asm-util/9.7/asm-util-9.7.jar;\AppData\Roaming\.minecraft\libraries/org/ow2/asm/asm-analysis/9.7/asm-analysis-9.7.jar;\AppData\Roaming\.minecraft\libraries/org/ow2/asm/asm-tree/9.7/asm-tree-9.7.jar;\AppData\Roaming\.minecraft\libraries/org/ow2/asm/asm/9.7/asm-9.7.jar;\AppData\Roaming\.minecraft\libraries/net/neoforged/JarJarFileSystems/0.4.1/JarJarFileSystems-0.4.1.jar --add-modules=ALL-MODULE-PATH --add-opens=java.base/java.util.jar=cpw.mods.securejarhandler --add-opens=java.base/java.lang.invoke=cpw.mods.securejarhandler --add-exports=java.base/sun.security.util=cpw.mods.securejarhandler --add-exports=jdk.naming.dns/com.sun.jndi.dns=java.naming -Xmx2G -XX:+UnlockExperimentalVMOptions -XX:+UseG1GC -XX:G1NewSizePercent=20 -XX:G1ReservePercent=20 -XX:MaxGCPauseMillis=50 -XX:G1HeapRegionSize=32M -Dlog4j.configurationFile=\AppData\Roaming\.minecraft\assets\log_configs\client-1.12.xml cpw.mods.bootstraplauncher.BootstrapLauncher --version neoforge-21.1.169 --gameDir \AppData\Roaming\.minecraft --assetsDir \AppData\Roaming\.minecraft\assets --assetIndex 17 --userType msa --versionType release --quickPlayPath \AppData\Roaming\.minecraft\quickPlay\java\1773462171138.json --fml.neoForgeVersion 21.1.169 --fml.fmlVersion 4.0.39 --fml.mcVersion 1.21.1 --fml.neoFormVersion 20240808.144430 --launchTarget forgeclient

Host: Intel(R) Xeon(R) CPU E3-1230 v3 @ 3.30GHz, 8 cores, 15G,  Windows 10 , 64 bit Build 19041 (10.0.19041.5915)
Time: Sat Mar 14 05:23:52 2026 Mitteleuropäische Zeit elapsed time: 61.454352 seconds (0d 0h 1m 1s)

---------------  T H R E A D  ---------------

Current thread (0x000002c67eace210):  WorkerThread "G1 Conc#1"      [id=15972, stack(0x000000e9e2000000,0x000000e9e2100000) (1024K)]

Stack: [0x000000e9e2000000,0x000000e9e2100000],  sp=0x000000e9e20ffa58,  free space=1022k
Native frames: (J=compiled Java code, j=interpreted, Vv=VM code, C=native code)
V  [jvm.dll+0xc536]


siginfo: EXCEPTION_ACCESS_VIOLATION (0xc0000005), reading address 0x0000000000000090


Registers:
RAX=0x0000000000000000, RBX=0x000002c65f446b01, RCX=0x00000000820b79b0, RDX=0x00000000820b79b0
RSP=0x000000e9e20ffa58, RBP=0x0000000000000000, RSI=0x000002c65f440e90, RDI=0x00000000820b79b0
R8 =0x0000000000000088, R9 =0x0000000000000001, R10=0x000002c65f41ff10, R11=0x0000000000000004
R12=0x0000000000000000, R13=0xaaaaaaaaaaaaaaab, R14=0x0000000000000000, R15=0x000000e9e20ffc00
RIP=0x00007ff83d11c536, EFLAGS=0x0000000000010206

XMM[0]=0x0000000000000000 0x0000000000000000
XMM[1]=0x0000000000000000 0x0000000000000000
XMM[2]=0x0000000000000000 0x0000000000000000
XMM[3]=0x0000000000000000 0x0000000000000000
XMM[4]=0x0000000000000000 0x0000000000000000
XMM[5]=0x0000000000000000 0x0000000000000000
XMM[6]=0x0000000000000000 0x3ffe8d1b034941a8
XMM[7]=0x0000000000000000 0x408f400000000000
XMM[8]=0x0000000000000000 0x0000000000000000
XMM[9]=0x0000000000000000 0x0000000000000000
XMM[10]=0x0000000000000000 0x0000000000000000
XMM[11]=0x0000000000000000 0x0000000000000000
XMM[12]=0x0000000000000000 0x0000000000000000
XMM[13]=0x0000000000000000 0x0000000000000000
XMM[14]=0x0000000000000000 0x0000000000000000
XMM[15]=0x0000000000000000 0x0000000000000000
  MXCSR=0x00001fb2


Register to memory mapping:

RAX=0x0 is null
RBX=0x000002c65f446b01 points into unknown readable memory: 00 00 00 00 00 00 00
RCX=0x00000000820b79b0 is pointing into object: net.minecraft.world.phys.shapes.SliceShape 
{0x00000000820b7998} - klass: 'net/minecraft/world/phys/shapes/SliceShape'
 - ---- fields (total size 4 words):
 - protected final 'shape' 'Lnet/minecraft/world/phys/shapes/DiscreteVoxelShape;' @12  a 'net/minecraft/world/phys/shapes/SubShape'{0x00000000820b79b8} (0x820b79b8)
 - private 'faces' '[Lnet/minecraft/world/phys/shapes/VoxelShape;' @16  null (0x00000000)
 - private final 'delegate' 'Lnet/minecraft/world/phys/shapes/VoxelShape;' @20  a 'net/minecraft/world/phys/shapes/ArrayVoxelShape'{0x00000000fee83710} (0xfee83710)
 - private final 'axis' 'Lnet/minecraft/core/Direction$Axis;' @24  a 'net/minecraft/core/Direction$Axis$2'{0x00000000857aca58} (0x857aca58)
RDX=0x00000000820b79b0 is pointing into object: net.minecraft.world.phys.shapes.SliceShape 
{0x00000000820b7998} - klass: 'net/minecraft/world/phys/shapes/SliceShape'
 - ---- fields (total size 4 words):
 - protected final 'shape' 'Lnet/minecraft/world/phys/shapes/DiscreteVoxelShape;' @12  a 'net/minecraft/world/phys/shapes/SubShape'{0x00000000820b79b8} (0x820b79b8)
 - private 'faces' '[Lnet/minecraft/world/phys/shapes/VoxelShape;' @16  null (0x00000000)
 - private final 'delegate' 'Lnet/minecraft/world/phys/shapes/VoxelShape;' @20  a 'net/minecraft/world/phys/shapes/ArrayVoxelShape'{0x00000000fee83710} (0xfee83710)
 - private final 'axis' 'Lnet/minecraft/core/Direction$Axis;' @24  a 'net/minecraft/core/Direction$Axis$2'{0x00000000857aca58} (0x857aca58)
RSP=0x000000e9e20ffa58 points into unknown readable memory: 0x00007ff83d42fc7a | 7a fc 42 3d f8 7f 00 00
RBP=0x0 is null
RSI=0x000002c65f440e90 points into unknown readable memory: 0x000002c65f442d50 | 50 2d 44 5f c6 02 00 00
RDI=0x00000000820b79b0 is pointing into object: net.minecraft.world.phys.shapes.SliceShape 
{0x00000000820b7998} - klass: 'net/minecraft/world/phys/shapes/SliceShape'
 - ---- fields (total size 4 words):
 - protected final 'shape' 'Lnet/minecraft/world/phys/shapes/DiscreteVoxelShape;' @12  a 'net/minecraft/world/phys/shapes/SubShape'{0x00000000820b79b8} (0x820b79b8)
 - private 'faces' '[Lnet/minecraft/world/phys/shapes/VoxelShape;' @16  null (0x00000000)
 - private final 'delegate' 'Lnet/minecraft/world/phys/shapes/VoxelShape;' @20  a 'net/minecraft/world/phys/shapes/ArrayVoxelShape'{0x00000000fee83710} (0xfee83710)
 - private final 'axis' 'Lnet/minecraft/core/Direction$Axis;' @24  a 'net/minecraft/core/Direction$Axis$2'{0x00000000857aca58} (0x857aca58)
R8 =0x0000000000000088 is an unknown value
R9 =0x0000000000000001 is an unknown value
R10=0x000002c65f41ff10 points into unknown readable memory: 0x00007ff83db3bc40 | 40 bc b3 3d f8 7f 00 00
R11=0x0000000000000004 is an unknown value
R12=0x0 is null
R13=0xaaaaaaaaaaaaaaab is an unknown value
R14=0x0 is null
R15=0x000000e9e20ffc00 points into unknown readable memory: 0x000002c65f440e90 | 90 0e 44 5f c6 02 00 00

Top of Stack: (sp=0x000000e9e20ffa58)
0x000000e9e20ffa58:   00007ff83d42fc7a 01dcb36a3b0db3f2
0x000000e9e20ffa68:   00007ff83d42fc7a 00000000feec5300
0x000000e9e20ffa78:   00007ff83d42fbe6 00000000820b79b0
0x000000e9e20ffa88:   00007ff83d42fa4f 000002c65f446b70
0x000000e9e20ffa98:   000000e9e20ffc40 00000000820b5958
0x000000e9e20ffaa8:   000000e9e20ffc40 000000e9e20ffc40
0x000000e9e20ffab8:   00007ff83d42db8d 00000000820b5950
0x000000e9e20ffac8:   00007ff83d42d45d 00000000feec57ec
0x000000e9e20ffad8:   00007ff83d42db8d 00000001007474c8
0x000000e9e20ffae8:   00007ff83d42d0a2 0000000000000005
0x000000e9e20ffaf8:   00000000820b5930 00000000feec57d0
0x000000e9e20ffb08:   00007ff83d42d0a2 00000000820b5930
0x000000e9e20ffb18:   00007ff83d44a71a 000002c65f446b70
0x000000e9e20ffb28:   0000000000000040 000000e9e20ffc00
0x000000e9e20ffb38:   00007ff83d44c9b0 0000000000000000
0x000000e9e20ffb48:   00000000feec57d0 000000e9e20ffc00
0x000000e9e20ffb58:   000002c65f440ea0 000000000fdd8afa
0x000000e9e20ffb68:   00007ff83d44925c 000000000fdd8afa
0x000000e9e20ffb78:   000002c65f446b70 00000000820b5930
0x000000e9e20ffb88:   00007ff83d44a8b4 0000000010000000
0x000000e9e20ffb98:   00007ff83d44ad9c 00000000feec57a0
0x000000e9e20ffba8:   000000000fdd8afa 0000000000000000
0x000000e9e20ffbb8:   000002c65f446b70 0000000000000001
0x000000e9e20ffbc8:   0000000000000000 000002c65f446b70
0x000000e9e20ffbd8:   00007ff83d449b2d 000002c65f446c08
0x000000e9e20ffbe8:   000002c67cd71501 000002c65f446c08
0x000000e9e20ffbf8:   0000000000000000 000002c65f440e90
0x000000e9e20ffc08:   000002c65f446b70 00000000fed8eaa0
0x000000e9e20ffc18:   000000000024e2ac 00000000fed8eaa0
0x000000e9e20ffc28:   000000000024e2ac 000000000004c4b4
0x000000e9e20ffc38:   0000000002566e3e 00007ff83db3d5d8
0x000000e9e20ffc48:   000002c65f491440 0000000000000003 

Instructions: (pc=0x00007ff83d11c536)
0x00007ff83d11c436:   48 8b 05 33 77 cd 00 48 8b 48 60 48 8b 04 d1 48
0x00007ff83d11c446:   85 c0 75 08 48 8b 05 27 77 cd 00 c3 48 8b 05 17
0x00007ff83d11c456:   77 cd 00 c3 cc cc cc cc cc cc 8b 05 52 4b c2 00
0x00007ff83d11c466:   c3 cc cc cc cc cc cc cc cc cc 0f b6 05 78 60 c2
0x00007ff83d11c476:   00 48 8b d1 84 c0 74 16 44 8b 41 08 8b 0d 30 4b
0x00007ff83d11c486:   c2 00 49 d3 e0 4c 03 05 1e 4b c2 00 eb 04 4c 8b
0x00007ff83d11c496:   41 08 45 8b 48 08 45 85 c9 7e 0e 41 f6 c1 01 75
0x00007ff83d11c4a6:   53 41 c1 f9 03 49 63 c1 c3 79 49 84 c0 41 b8 0c
0x00007ff83d11c4b6:   00 00 00 8b 05 69 5c c2 00 b9 10 00 00 00 41 0f
0x00007ff83d11c4c6:   45 c8 ff c8 4c 63 c0 41 8b c1 48 c1 f8 10 0f b6
0x00007ff83d11c4d6:   c0 48 63 14 11 41 8b c9 83 e1 3f 48 d3 e2 49 8d
0x00007ff83d11c4e6:   0c 10 49 f7 d0 48 03 c1 49 c1 e8 03 48 c1 e8 03
0x00007ff83d11c4f6:   49 23 c0 c3 49 8b 00 49 8b c8 48 ff a0 00 01 00
0x00007ff83d11c506:   00 cc cc cc cc cc cc cc cc cc 8b 44 24 30 45 03
0x00007ff83d11c516:   c9 44 2b 4c 24 28 83 c0 0b 44 03 ca 45 03 c8 41
0x00007ff83d11c526:   03 c1 c3 cc cc cc cc cc cc cc 4c 8b c2 48 8b d1
0x00007ff83d11c536:   45 8b 48 08 45 85 c9 7e 0e 41 f6 c1 01 75 56 41
0x00007ff83d11c546:   c1 f9 03 49 63 c1 c3 79 4c 80 3d 99 5f c2 00 00
0x00007ff83d11c556:   b8 0c 00 00 00 b9 10 00 00 00 0f 45 c8 8b 05 bf
0x00007ff83d11c566:   5b c2 00 ff c8 4c 63 c0 41 8b c1 48 c1 f8 10 48
0x00007ff83d11c576:   63 14 11 41 8b c9 83 e1 3f 0f b6 c0 48 d3 e2 49
0x00007ff83d11c586:   8d 0c 10 49 f7 d0 48 03 c1 49 c1 e8 03 48 c1 e8
0x00007ff83d11c596:   03 49 23 c0 c3 49 8b 00 49 8b c8 48 ff a0 00 01
0x00007ff83d11c5a6:   00 00 cc cc cc cc cc cc cc cc 48 8b 41 08 0f b7
0x00007ff83d11c5b6:   48 2c 0f b7 40 2a 83 c0 48 03 c1 c3 cc cc cc cc
0x00007ff83d11c5c6:   cc cc cc cc cc cc cc cc cc cc 48 89 5c 24 08 57
0x00007ff83d11c5d6:   48 83 ec 20 0f b6 05 df 5e cd 00 48 8b fa 48 8b
0x00007ff83d11c5e6:   d9 84 c0 74 4f 48 85 15 76 56 cd 00 74 38 48 8b
0x00007ff83d11c5f6:   ca e8 a4 4a 8d 00 48 8b d0 48 85 db 74 25 48 85
0x00007ff83d11c606:   c0 74 20 48 8b c7 f0 48 0f b1 13 74 16 48 85 05
0x00007ff83d11c616:   4e 56 cd 00 74 0d 48 8b c8 f0 48 0f b1 13 48 3b
0x00007ff83d11c626:   c1 75 ea 48 8b fa 48 8b c7 48 8b 5c 24 30 48 83 


Stack slot to memory mapping:

stack at sp + 0 slots: 0x00007ff83d42fc7a jvm.dll
stack at sp + 1 slots: 0x01dcb36a3b0db3f2 is an unknown value
stack at sp + 2 slots: 0x00007ff83d42fc7a jvm.dll
stack at sp + 3 slots: 0x00000000feec5300 is an oop: net.minecraft.world.phys.shapes.BitSetDiscreteVoxelShape 
{0x00000000feec5300} - klass: 'net/minecraft/world/phys/shapes/BitSetDiscreteVoxelShape'
 - ---- fields (total size 7 words):
 - protected final 'xSize' 'I' @12  4 (0x00000004)
 - protected final 'ySize' 'I' @16  1 (0x00000001)
 - protected final 'zSize' 'I' @20  4 (0x00000004)
 - private 'xMin' 'I' @24  0 (0x00000000)
 - private 'yMin' 'I' @28  0 (0x00000000)
 - private 'zMin' 'I' @32  0 (0x00000000)
 - private 'xMax' 'I' @36  4 (0x00000004)
 - private 'yMax' 'I' @40  1 (0x00000001)
 - private 'zMax' 'I' @44  4 (0x00000004)
 - private final 'storage' 'Ljava/util/BitSet;' @48  a 'java/util/BitSet'{0x00000000feec5338} (0xfeec5338)
stack at sp + 4 slots: 0x00007ff83d42fbe6 jvm.dll
stack at sp + 5 slots: 0x00000000820b79b0 is pointing into object: net.minecraft.world.phys.shapes.SliceShape 
{0x00000000820b7998} - klass: 'net/minecraft/world/phys/shapes/SliceShape'
 - ---- fields (total size 4 words):
 - protected final 'shape' 'Lnet/minecraft/world/phys/shapes/DiscreteVoxelShape;' @12  a 'net/minecraft/world/phys/shapes/SubShape'{0x00000000820b79b8} (0x820b79b8)
 - private 'faces' '[Lnet/minecraft/world/phys/shapes/VoxelShape;' @16  null (0x00000000)
 - private final 'delegate' 'Lnet/minecraft/world/phys/shapes/VoxelShape;' @20  a 'net/minecraft/world/phys/shapes/ArrayVoxelShape'{0x00000000fee83710} (0xfee83710)
 - private final 'axis' 'Lnet/minecraft/core/Direction$Axis;' @24  a 'net/minecraft/core/Direction$Axis$2'{0x00000000857aca58} (0x857aca58)
stack at sp + 6 slots: 0x00007ff83d42fa4f jvm.dll
stack at sp + 7 slots: 0x000002c65f446b70 points into unknown readable memory: 0x00007ff83db3d5b8 | b8 d5 b3 3d f8 7f 00 00


---------------  P R O C E S S  ---------------

Threads class SMR info:
_java_thread_list=0x000002c67c3b97c0, length=43, elements={
0x000002c65f410060, 0x000002c677552370, 0x000002c677555570, 0x000002c6775583d0,
0x000002c677558e20, 0x000002c67755d760, 0x000002c67757bfa0, 0x000002c677580590,
0x000002c67756a470, 0x000002c67757e700, 0x000002c67757d9e0, 0x000002c67757b910,
0x000002c67757c630, 0x000002c67757ccc0, 0x000002c67757d350, 0x000002c67757e070,
0x000002c67c910c60, 0x000002c67c90ff40, 0x000002c67c90f8b0, 0x000002c67c9126a0,
0x000002c67c90d150, 0x000002c67c914770, 0x000002c67c90d7e0, 0x000002c67c90de70,
0x000002c67c912010, 0x000002c67c90e500, 0x000002c67c913a50, 0x000002c67f2006a0,
0x000002c67f200010, 0x000002c67f200d30, 0x000002c67f1fcb90, 0x000002c67f2013c0,
0x000002c67f2020e0, 0x000002c67f201a50, 0x000002c67f1fec60, 0x000002c67f1fd220,
0x000002c67f202e00, 0x000002c610559a80, 0x000002c61055c1e0, 0x000002c67ed3ac20,
0x000002c67ed3f040, 0x000002c61055d590, 0x000002c61055efd0
}

Java Threads: ( => current thread )
  0x000002c65f410060 JavaThread "Render thread"                     [_thread_blocked, id=7704, stack(0x000000e9dfe00000,0x000000e9dff00000) (1024K)]
  0x000002c677552370 JavaThread "Reference Handler"          daemon [_thread_blocked, id=8740, stack(0x000000e9e0600000,0x000000e9e0700000) (1024K)]
  0x000002c677555570 JavaThread "Finalizer"                  daemon [_thread_blocked, id=9544, stack(0x000000e9e0700000,0x000000e9e0800000) (1024K)]
  0x000002c6775583d0 JavaThread "Signal Dispatcher"          daemon [_thread_blocked, id=9964, stack(0x000000e9e0800000,0x000000e9e0900000) (1024K)]
  0x000002c677558e20 JavaThread "Attach Listener"            daemon [_thread_blocked, id=5424, stack(0x000000e9e0900000,0x000000e9e0a00000) (1024K)]
  0x000002c67755d760 JavaThread "Service Thread"             daemon [_thread_blocked, id=5940, stack(0x000000e9e0a00000,0x000000e9e0b00000) (1024K)]
  0x000002c67757bfa0 JavaThread "Monitor Deflation Thread"   daemon [_thread_blocked, id=21276, stack(0x000000e9e0b00000,0x000000e9e0c00000) (1024K)]
  0x000002c677580590 JavaThread "C2 CompilerThread0"         daemon [_thread_in_native, id=11092, stack(0x000000e9e0c00000,0x000000e9e0d00000) (1024K)]
  0x000002c67756a470 JavaThread "C1 CompilerThread0"         daemon [_thread_blocked, id=15760, stack(0x000000e9e0d00000,0x000000e9e0e00000) (1024K)]
  0x000002c67757e700 JavaThread "Common-Cleaner"             daemon [_thread_blocked, id=8092, stack(0x000000e9e0e00000,0x000000e9e0f00000) (1024K)]
  0x000002c67757d9e0 JavaThread "Notification Thread"        daemon [_thread_blocked, id=9880, stack(0x000000e9e1000000,0x000000e9e1100000) (1024K)]
  0x000002c67757b910 JavaThread "ForkJoinPool.commonPool-worker-1" daemon [_thread_blocked, id=4164, stack(0x000000e9e1700000,0x000000e9e1800000) (1024K)]
  0x000002c67757c630 JavaThread "ForkJoinPool.commonPool-worker-2" daemon [_thread_blocked, id=12708, stack(0x000000e9e1800000,0x000000e9e1900000) (1024K)]
  0x000002c67757ccc0 JavaThread "ForkJoinPool.commonPool-worker-3" daemon [_thread_blocked, id=9648, stack(0x000000e9e1900000,0x000000e9e1a00000) (1024K)]
  0x000002c67757d350 JavaThread "ForkJoinPool.commonPool-worker-4" daemon [_thread_blocked, id=16704, stack(0x000000e9e1a00000,0x000000e9e1b00000) (1024K)]
  0x000002c67757e070 JavaThread "ForkJoinPool.commonPool-worker-5" daemon [_thread_blocked, id=1536, stack(0x000000e9e1b00000,0x000000e9e1c00000) (1024K)]
  0x000002c67c910c60 JavaThread "ForkJoinPool.commonPool-worker-7" daemon [_thread_blocked, id=8248, stack(0x000000e9e1c00000,0x000000e9e1d00000) (1024K)]
  0x000002c67c90ff40 JavaThread "ForkJoinPool.commonPool-worker-6" daemon [_thread_blocked, id=7412, stack(0x000000e9e1d00000,0x000000e9e1e00000) (1024K)]
  0x000002c67c90f8b0 JavaThread "JNA Cleaner"                daemon [_thread_blocked, id=17332, stack(0x000000e9e2f00000,0x000000e9e3000000) (1024K)]
  0x000002c67c9126a0 JavaThread "Timer hack thread"          daemon [_thread_blocked, id=21952, stack(0x000000e9e2e00000,0x000000e9e2f00000) (1024K)]
  0x000002c67c90d150 JavaThread "Yggdrasil Key Fetcher"      daemon [_thread_blocked, id=2868, stack(0x000000e9e3100000,0x000000e9e3200000) (1024K)]
  0x000002c67c914770 JavaThread "Download-1"                 daemon [_thread_blocked, id=20868, stack(0x000000e9e3200000,0x000000e9e3300000) (1024K)]
  0x000002c67c90d7e0 JavaThread "Download-2"                 daemon [_thread_blocked, id=7192, stack(0x000000e9e3300000,0x000000e9e3400000) (1024K)]
  0x000002c67c90de70 JavaThread "modloading-worker-0"        daemon [_thread_blocked, id=14772, stack(0x000000e9e2a00000,0x000000e9e2b00000) (1024K)]
  0x000002c67c912010 JavaThread "modloading-worker-0"        daemon [_thread_blocked, id=5460, stack(0x000000e9e2b00000,0x000000e9e2c00000) (1024K)]
  0x000002c67c90e500 JavaThread "modloading-worker-0"        daemon [_thread_blocked, id=15648, stack(0x000000e9e2c00000,0x000000e9e2d00000) (1024K)]
  0x000002c67c913a50 JavaThread "modloading-sync-worker"     daemon [_thread_blocked, id=19596, stack(0x000000e9e3500000,0x000000e9e3600000) (1024K)]
  0x000002c67f2006a0 JavaThread "FileSystemWatchService"     daemon [_thread_in_native, id=11016, stack(0x000000e9e3600000,0x000000e9e3700000) (1024K)]
  0x000002c67f200010 JavaThread "config-file-watcher-0-0"    daemon [_thread_blocked, id=7864, stack(0x000000e9e3700000,0x000000e9e3800000) (1024K)]
  0x000002c67f200d30 JavaThread "Worker-Main-1"              daemon [_thread_blocked, id=15280, stack(0x000000e9e3800000,0x000000e9e3900000) (1024K)]
  0x000002c67f1fcb90 JavaThread "Worker-Main-2"              daemon [_thread_blocked, id=17856, stack(0x000000e9e3900000,0x000000e9e3a00000) (1024K)]
  0x000002c67f2013c0 JavaThread "Worker-Main-3"              daemon [_thread_blocked, id=21908, stack(0x000000e9e3b00000,0x000000e9e3c00000) (1024K)]
  0x000002c67f2020e0 JavaThread "Worker-Main-4"              daemon [_thread_blocked, id=4284, stack(0x000000e9e3c00000,0x000000e9e3d00000) (1024K)]
  0x000002c67f201a50 JavaThread "Worker-Main-5"              daemon [_thread_blocked, id=14808, stack(0x000000e9e3d00000,0x000000e9e3e00000) (1024K)]
  0x000002c67f1fec60 JavaThread "Worker-Main-6"              daemon [_thread_in_vm, id=600, stack(0x000000e9e3e00000,0x000000e9e3f00000) (1024K)]
  0x000002c67f1fd220 JavaThread "Worker-Main-7"              daemon [_thread_blocked, id=2136, stack(0x000000e9e3f00000,0x000000e9e4000000) (1024K)]
  0x000002c67f202e00 JavaThread "IO-Worker-1"                       [_thread_in_vm, id=4676, stack(0x000000e9e3a00000,0x000000e9e3b00000) (1024K)] _threads_hazard_ptr=0x000002c67c3b97c0
  0x000002c610559a80 JavaThread "Sound engine"               daemon [_thread_blocked, id=13204, stack(0x000000e9dfc00000,0x000000e9dfd00000) (1024K)]
  0x000002c61055c1e0 JavaThread "Server thread"                     [_thread_blocked, id=7404, stack(0x000000e9dfd00000,0x000000e9dfe00000) (1024K)]
  0x000002c67ed3ac20 JavaThread "C2 CompilerThread1"         daemon [_thread_blocked, id=4024, stack(0x000000e9e0f00000,0x000000e9e1000000) (1024K)]
  0x000002c67ed3f040 JavaThread "C2 CompilerThread2"         daemon [_thread_in_native, id=20116, stack(0x000000e9e1600000,0x000000e9e1700000) (1024K)]
  0x000002c61055d590 JavaThread "IO-Worker-2"                       [_thread_blocked, id=22468, stack(0x000000e9e2400000,0x000000e9e2500000) (1024K)]
  0x000002c61055efd0 JavaThread "IO-Worker-3"                       [_thread_blocked, id=21444, stack(0x000000e9e2600000,0x000000e9e2700000) (1024K)]
Total: 43

Other Threads:
  0x000002c6774cb530 VMThread "VM Thread"                           [id=7432, stack(0x000000e9e0500000,0x000000e9e0600000) (1024K)]
  0x000002c65f47e3d0 WatcherThread "VM Periodic Task Thread"        [id=22520, stack(0x000000e9e0400000,0x000000e9e0500000) (1024K)]
  0x000002c65f4409f0 WorkerThread "GC Thread#0"                     [id=22044, stack(0x000000e9dff00000,0x000000e9e0000000) (1024K)]
  0x000002c67c204710 WorkerThread "GC Thread#1"                     [id=19568, stack(0x000000e9e1100000,0x000000e9e1200000) (1024K)]
  0x000002c67c204ab0 WorkerThread "GC Thread#2"                     [id=20532, stack(0x000000e9e1200000,0x000000e9e1300000) (1024K)]
  0x000002c67c204e50 WorkerThread "GC Thread#3"                     [id=1864, stack(0x000000e9e1300000,0x000000e9e1400000) (1024K)]
  0x000002c67c18bc80 WorkerThread "GC Thread#4"                     [id=19236, stack(0x000000e9e1400000,0x000000e9e1500000) (1024K)]
  0x000002c67c18c020 WorkerThread "GC Thread#5"                     [id=21488, stack(0x000000e9e1500000,0x000000e9e1600000) (1024K)]
  0x000002c67ed70010 WorkerThread "GC Thread#6"                     [id=18012, stack(0x000000e9e1e00000,0x000000e9e1f00000) (1024K)]
  0x000002c67dbac150 WorkerThread "GC Thread#7"                     [id=13792, stack(0x000000e9e1f00000,0x000000e9e2000000) (1024K)]
  0x000002c65f442d50 ConcurrentGCThread "G1 Main Marker"            [id=8588, stack(0x000000e9e0000000,0x000000e9e0100000) (1024K)]
  0x000002c65f443f50 WorkerThread "G1 Conc#0"                       [id=21680, stack(0x000000e9e0100000,0x000000e9e0200000) (1024K)]
=>0x000002c67eace210 WorkerThread "G1 Conc#1"                       [id=15972, stack(0x000000e9e2000000,0x000000e9e2100000) (1024K)]
  0x000002c65f471a40 ConcurrentGCThread "G1 Refine#0"               [id=21968, stack(0x000000e9e0200000,0x000000e9e0300000) (1024K)]
  0x000002c65f472360 ConcurrentGCThread "G1 Service"                [id=12200, stack(0x000000e9e0300000,0x000000e9e0400000) (1024K)]
Total: 15

Threads with active compile tasks:
C2 CompilerThread0  61617 20419   !   4       net.minecraft.util.thread.ProcessorMailbox::run (33 bytes)
C2 CompilerThread2  61617 20422       4       net.minecraft.nbt.visitors.FieldTree::addEntry (78 bytes)
Total: 2

VM state: not at safepoint (normal execution)

VM Mutex/Monitor currently owned by a thread: None

Heap address: 0x0000000080000000, size: 2048 MB, Compressed Oops mode: 32-bit

CDS archive(s) not mapped
Compressed class space mapped at: 0x0000000100000000-0x0000000140000000, reserved size: 1073741824
Narrow klass base: 0x0000000000000000, Narrow klass shift: 3, Narrow klass range: 0x140000000

GC Precious Log:
 CardTable entry size: 512
 Card Set container configuration: InlinePtr #cards 3 size 8 Array Of Cards #cards 256 size 528 Howl #buckets 8 coarsen threshold 58982 Howl Bitmap #cards 8192 size 1040 coarsen threshold 7372 Card regions per heap region 1 cards per card region 65536
 CPUs: 8 total, 8 available
 Memory: 16328M
 Large Page Support: Disabled
 NUMA Support: Disabled
 Compressed Oops: Enabled (32-bit)
 Heap Region Size: 32M
 Heap Min Capacity: 32M
 Heap Initial Capacity: 256M
 Heap Max Capacity: 2G
 Pre-touch: Disabled
 Parallel Workers: 8
 Concurrent Workers: 2
 Concurrent Refinement Workers: 8
 Periodic GC: Disabled

Heap:
 garbage-first heap   total 655360K, used 371693K [0x0000000080000000, 0x0000000100000000)
  region size 32768K, 3 young (98304K), 1 survivors (32768K)
 Metaspace       used 141235K, committed 142720K, reserved 1179648K
  class space    used 20974K, committed 21632K, reserved 1048576K

Heap Regions: E=young(eden), S=young(survivor), O=old, HS=humongous(starts), HC=humongous(continues), CS=collection set, F=free, TAMS=top-at-mark-start, PB=parsable bottom
|   0|0x0000000080000000, 0x0000000082000000, 0x0000000082000000|100%| O|  |TAMS 0x0000000082000000| PB 0x0000000080000000| Untracked 
|   1|0x0000000082000000, 0x0000000084000000, 0x0000000084000000|100%| O|  |TAMS 0x0000000084000000| PB 0x0000000082000000| Untracked 
|   2|0x0000000084000000, 0x0000000086000000, 0x0000000086000000|100%| O|  |TAMS 0x0000000086000000| PB 0x0000000084000000| Untracked 
|   3|0x0000000086000000, 0x0000000088000000, 0x0000000088000000|100%| O|  |TAMS 0x0000000088000000| PB 0x0000000086000000| Untracked 
|   4|0x0000000088000000, 0x000000008a000000, 0x000000008a000000|100%| O|  |TAMS 0x000000008a000000| PB 0x0000000088000000| Untracked 
|   5|0x000000008a000000, 0x000000008c000000, 0x000000008c000000|100%| O|  |TAMS 0x000000008c000000| PB 0x000000008a000000| Untracked 
|   6|0x000000008c000000, 0x000000008e000000, 0x000000008e000000|100%| O|  |TAMS 0x000000008e000000| PB 0x000000008c000000| Untracked 
|   7|0x000000008e000000, 0x0000000090000000, 0x0000000090000000|100%| O|  |TAMS 0x0000000090000000| PB 0x000000008e000000| Untracked 
|   8|0x0000000090000000, 0x00000000916de018, 0x0000000092000000| 71%| O|  |TAMS 0x00000000916de018| PB 0x0000000090000000| Untracked 
|   9|0x0000000092000000, 0x0000000092000000, 0x0000000094000000|  0%| F|  |TAMS 0x0000000092000000| PB 0x0000000092000000| Untracked 
|  10|0x0000000094000000, 0x0000000094000000, 0x0000000096000000|  0%| F|  |TAMS 0x0000000094000000| PB 0x0000000094000000| Untracked 
|  11|0x0000000096000000, 0x0000000096000000, 0x0000000098000000|  0%| F|  |TAMS 0x0000000096000000| PB 0x0000000096000000| Untracked 
|  12|0x0000000098000000, 0x000000009941d7d0, 0x000000009a000000| 62%| S|CS|TAMS 0x0000000098000000| PB 0x0000000098000000| Complete 
|  13|0x000000009a000000, 0x000000009a000000, 0x000000009c000000|  0%| F|  |TAMS 0x000000009a000000| PB 0x000000009a000000| Untracked 
|  14|0x000000009c000000, 0x000000009c000000, 0x000000009e000000|  0%| F|  |TAMS 0x000000009c000000| PB 0x000000009c000000| Untracked 
|  15|0x000000009e000000, 0x000000009e000000, 0x00000000a0000000|  0%| F|  |TAMS 0x000000009e000000| PB 0x000000009e000000| Untracked 
|  16|0x00000000a0000000, 0x00000000a0000000, 0x00000000a2000000|  0%| F|  |TAMS 0x00000000a0000000| PB 0x00000000a0000000| Untracked 
|  17|0x00000000a2000000, 0x00000000a25fa130, 0x00000000a4000000| 18%| E|  |TAMS 0x00000000a2000000| PB 0x00000000a2000000| Complete 
|  18|0x00000000a4000000, 0x00000000a6000000, 0x00000000a6000000|100%| E|CS|TAMS 0x00000000a4000000| PB 0x00000000a4000000| Complete 
|  63|0x00000000fe000000, 0x0000000100000000, 0x0000000100000000|100%| O|  |TAMS 0x0000000100000000| PB 0x00000000fe000000| Untracked 

Card table byte_map: [0x000002c672710000,0x000002c672b10000] _byte_map_base: 0x000002c672310000

Marking Bits: (CMBitMap*) 0x000002c65f440ea0
 Bits: [0x000002c672b10000, 0x000002c674b10000)

Polling page: 0x000002c65d110000

Metaspace:

Usage:
  Non-class:    117.44 MB used.
      Class:     20.48 MB used.
       Both:    137.93 MB used.

Virtual space:
  Non-class space:      128.00 MB reserved,     118.25 MB ( 92%) committed,  2 nodes.
      Class space:        1.00 GB reserved,      21.12 MB (  2%) committed,  1 nodes.
             Both:        1.12 GB reserved,     139.38 MB ( 12%) committed. 

Chunk freelists:
   Non-Class:  9.61 MB
       Class:  10.69 MB
        Both:  20.30 MB

MaxMetaspaceSize: unlimited
CompressedClassSpaceSize: 1.00 GB
Initial GC threshold: 21.00 MB
Current GC threshold: 223.88 MB
CDS: off
 - commit_granule_bytes: 65536.
 - commit_granule_words: 8192.
 - virtual_space_node_default_size: 8388608.
 - enlarge_chunks_in_place: 1.
 - use_allocation_guard: 0.


Internal statistics:

num_allocs_failed_limit: 9.
num_arena_births: 2302.
num_arena_deaths: 50.
num_vsnodes_births: 3.
num_vsnodes_deaths: 0.
num_space_committed: 2223.
num_space_uncommitted: 0.
num_chunks_returned_to_freelist: 70.
num_chunks_taken_from_freelist: 7986.
num_chunk_merges: 21.
num_chunk_splits: 5041.
num_chunks_enlarged: 3364.
num_inconsistent_stats: 0.

CodeHeap 'non-profiled nmethods': size=120000Kb used=13580Kb max_used=13580Kb free=106419Kb
 bounds [0x000002c66aaa0000, 0x000002c66b7f0000, 0x000002c671fd0000]
CodeHeap 'profiled nmethods': size=120000Kb used=25007Kb max_used=25007Kb free=94992Kb
 bounds [0x000002c662fd0000, 0x000002c664840000, 0x000002c66a500000]
CodeHeap 'non-nmethods': size=5760Kb used=3460Kb max_used=3473Kb free=2299Kb
 bounds [0x000002c66a500000, 0x000002c66a870000, 0x000002c66aaa0000]
 total_blobs=17453 nmethods=15299 adapters=2056
 compilation: enabled
              stopped_count=0, restarted_count=0
 full_count=0

Compilation events (20 events):
Event: 61.403 Thread 0x000002c67ed3ac20 nmethod 20305 0x000002c66b7c8a10 code [0x000002c66b7c8ba0, 0x000002c66b7c8cb8]
Event: 61.403 Thread 0x000002c67ed3f040 nmethod 20304 0x000002c66b7c8d90 code [0x000002c66b7c8f20, 0x000002c66b7c90b8]
Event: 61.405 Thread 0x000002c67756a470 20306   !   3       java.security.MessageDigest::getDigestLength (30 bytes)
Event: 61.406 Thread 0x000002c67756a470 nmethod 20306 0x000002c66480be10 code [0x000002c66480c020, 0x000002c66480c7b8]
Event: 61.406 Thread 0x000002c677580590 20307       4       java.util.concurrent.atomic.AtomicLong::<init> (5 bytes)
Event: 61.407 Thread 0x000002c67ed3ac20 20308       4       net.minecraft.server.level.GenerationChunkHolder::getChunkIfPresentUnchecked (43 bytes)
Event: 61.407 Thread 0x000002c677580590 nmethod 20307 0x000002c66b7c9210 code [0x000002c66b7c93a0, 0x000002c66b7c9428]
Event: 61.407 Thread 0x000002c67756a470 20309       3       com.google.common.hash.MessageDigestHashFunction$MessageDigestHasher::checkNotDone (18 bytes)
Event: 61.407 Thread 0x000002c67756a470 nmethod 20309 0x000002c66480ca90 code [0x000002c66480cc60, 0x000002c66480cfe0]
Event: 61.408 Thread 0x000002c677580590 20310       4       java.util.Collections$UnmodifiableMap::values (28 bytes)
Event: 61.408 Thread 0x000002c67ed3f040 20311       4       net.minecraft.server.level.WorldGenRegion::getChunk (10 bytes)
Event: 61.410 Thread 0x000002c67ed3ac20 nmethod 20308 0x000002c66b7c9510 code [0x000002c66b7c96e0, 0x000002c66b7c98f0]
Event: 61.410 Thread 0x000002c67ed3ac20 20312       4       net.minecraft.world.level.LevelReader::getChunk (11 bytes)
Event: 61.412 Thread 0x000002c677580590 nmethod 20310 0x000002c66b7c9c10 code [0x000002c66b7c9dc0, 0x000002c66b7ca1a8]
Event: 61.412 Thread 0x000002c677580590 20313       4       net.minecraft.server.level.WorldGenRegion::getChunk (298 bytes)
Event: 61.418 Thread 0x000002c67ed3f040 nmethod 20311 0x000002c66b7ca690 code [0x000002c66b7ca8c0, 0x000002c66b7caf68]
Event: 61.418 Thread 0x000002c67ed3f040 20314       4       net.minecraft.world.level.chunk.ChunkAccess::getAllStarts (8 bytes)
Event: 61.420 Thread 0x000002c67ed3f040 nmethod 20314 0x000002c66b7cb790 code [0x000002c66b7cb920, 0x000002c66b7cba68]
Event: 61.422 Thread 0x000002c67ed3ac20 nmethod 20312 0x000002c66b7cbb90 code [0x000002c66b7cbdc0, 0x000002c66b7cc520]
Event: 61.423 Thread 0x000002c677580590 nmethod 20313 0x000002c66b7ccd10 code [0x000002c66b7ccf40, 0x000002c66b7cd688]

GC Heap History (20 events):
Event: 31.508 GC heap before
{Heap before GC invocations=47 (full 0):
 garbage-first heap   total 524288K, used 413618K [0x0000000080000000, 0x0000000100000000)
  region size 32768K, 6 young (196608K), 1 survivors (32768K)
 Metaspace       used 122195K, committed 123520K, reserved 1179648K
  class space    used 18092K, committed 18688K, reserved 1048576K
}
Event: 31.520 GC heap after
{Heap after GC invocations=48 (full 0):
 garbage-first heap   total 524288K, used 251982K [0x0000000080000000, 0x0000000100000000)
  region size 32768K, 1 young (32768K), 1 survivors (32768K)
 Metaspace       used 122195K, committed 123520K, reserved 1179648K
  class space    used 18092K, committed 18688K, reserved 1048576K
}
Event: 32.247 GC heap before
{Heap before GC invocations=49 (full 0):
 garbage-first heap   total 524288K, used 383054K [0x0000000080000000, 0x0000000100000000)
  region size 32768K, 5 young (163840K), 1 survivors (32768K)
 Metaspace       used 123047K, committed 124416K, reserved 1179648K
  class space    used 18180K, committed 18816K, reserved 1048576K
}
Event: 32.259 GC heap after
{Heap after GC invocations=50 (full 0):
 garbage-first heap   total 524288K, used 262381K [0x0000000080000000, 0x0000000100000000)
  region size 32768K, 1 young (32768K), 1 survivors (32768K)
 Metaspace       used 123047K, committed 124416K, reserved 1179648K
  class space    used 18180K, committed 18816K, reserved 1048576K
}
Event: 32.625 GC heap before
{Heap before GC invocations=50 (full 0):
 garbage-first heap   total 524288K, used 393453K [0x0000000080000000, 0x0000000100000000)
  region size 32768K, 5 young (163840K), 1 survivors (32768K)
 Metaspace       used 123244K, committed 124544K, reserved 1179648K
  class space    used 18196K, committed 18816K, reserved 1048576K
}
Event: 32.655 GC heap after
{Heap after GC invocations=51 (full 0):
 garbage-first heap   total 524288K, used 270603K [0x0000000080000000, 0x0000000100000000)
  region size 32768K, 1 young (32768K), 1 survivors (32768K)
 Metaspace       used 123244K, committed 124544K, reserved 1179648K
  class space    used 18196K, committed 18816K, reserved 1048576K
}
Event: 33.251 GC heap before
{Heap before GC invocations=51 (full 0):
 garbage-first heap   total 524288K, used 401675K [0x0000000080000000, 0x0000000100000000)
  region size 32768K, 5 young (163840K), 1 survivors (32768K)
 Metaspace       used 124249K, committed 125632K, reserved 1179648K
  class space    used 18386K, committed 19008K, reserved 1048576K
}
Event: 33.277 GC heap after
{Heap after GC invocations=52 (full 0):
 garbage-first heap   total 655360K, used 302209K [0x0000000080000000, 0x0000000100000000)
  region size 32768K, 1 young (32768K), 1 survivors (32768K)
 Metaspace       used 124249K, committed 125632K, reserved 1179648K
  class space    used 18386K, committed 19008K, reserved 1048576K
}
Event: 46.518 GC heap before
{Heap before GC invocations=53 (full 0):
 garbage-first heap   total 655360K, used 531585K [0x0000000080000000, 0x0000000100000000)
  region size 32768K, 8 young (262144K), 1 survivors (32768K)
 Metaspace       used 129244K, committed 130752K, reserved 1179648K
  class space    used 19105K, committed 19776K, reserved 1048576K
}
Event: 46.539 GC heap after
{Heap after GC invocations=54 (full 0):
 garbage-first heap   total 655360K, used 315701K [0x0000000080000000, 0x0000000100000000)
  region size 32768K, 1 young (32768K), 1 survivors (32768K)
 Metaspace       used 129244K, committed 130752K, reserved 1179648K
  class space    used 19105K, committed 19776K, reserved 1048576K
}
Event: 47.393 GC heap before
{Heap before GC invocations=54 (full 0):
 garbage-first heap   total 655360K, used 512309K [0x0000000080000000, 0x0000000100000000)
  region size 32768K, 7 young (229376K), 1 survivors (32768K)
 Metaspace       used 131608K, committed 132992K, reserved 1179648K
  class space    used 19576K, committed 20224K, reserved 1048576K
}
Event: 47.402 GC heap after
{Heap after GC invocations=55 (full 0):
 garbage-first heap   total 655360K, used 318328K [0x0000000080000000, 0x0000000100000000)
  region size 32768K, 1 young (32768K), 1 survivors (32768K)
 Metaspace       used 131608K, committed 132992K, reserved 1179648K
  class space    used 19576K, committed 20224K, reserved 1048576K
}
Event: 48.031 GC heap before
{Heap before GC invocations=56 (full 0):
 garbage-first heap   total 655360K, used 514936K [0x0000000080000000, 0x0000000100000000)
  region size 32768K, 7 young (229376K), 1 survivors (32768K)
 Metaspace       used 134554K, committed 135936K, reserved 1179648K
  class space    used 20026K, committed 20672K, reserved 1048576K
}
Event: 48.044 GC heap after
{Heap after GC invocations=57 (full 0):
 garbage-first heap   total 655360K, used 329351K [0x0000000080000000, 0x0000000100000000)
  region size 32768K, 1 young (32768K), 1 survivors (32768K)
 Metaspace       used 134554K, committed 135936K, reserved 1179648K
  class space    used 20026K, committed 20672K, reserved 1048576K
}
Event: 48.597 GC heap before
{Heap before GC invocations=57 (full 0):
 garbage-first heap   total 655360K, used 525959K [0x0000000080000000, 0x0000000100000000)
  region size 32768K, 7 young (229376K), 1 survivors (32768K)
 Metaspace       used 136005K, committed 137344K, reserved 1179648K
  class space    used 20327K, committed 20928K, reserved 1048576K
}
Event: 48.611 GC heap after
{Heap after GC invocations=58 (full 0):
 garbage-first heap   total 655360K, used 332076K [0x0000000080000000, 0x0000000100000000)
  region size 32768K, 1 young (32768K), 1 survivors (32768K)
 Metaspace       used 136005K, committed 137344K, reserved 1179648K
  class space    used 20327K, committed 20928K, reserved 1048576K
}
Event: 49.269 GC heap before
{Heap before GC invocations=59 (full 0):
 garbage-first heap   total 655360K, used 528684K [0x0000000080000000, 0x0000000100000000)
  region size 32768K, 7 young (229376K), 1 survivors (32768K)
 Metaspace       used 136127K, committed 137536K, reserved 1179648K
  class space    used 20345K, committed 20992K, reserved 1048576K
}
Event: 49.283 GC heap after
{Heap after GC invocations=60 (full 0):
 garbage-first heap   total 655360K, used 334589K [0x0000000080000000, 0x0000000100000000)
  region size 32768K, 1 young (32768K), 1 survivors (32768K)
 Metaspace       used 136127K, committed 137536K, reserved 1179648K
  class space    used 20345K, committed 20992K, reserved 1048576K
}
Event: 60.996 GC heap before
{Heap before GC invocations=60 (full 0):
 garbage-first heap   total 655360K, used 531197K [0x0000000080000000, 0x0000000100000000)
  region size 32768K, 7 young (229376K), 1 survivors (32768K)
 Metaspace       used 139299K, committed 140800K, reserved 1179648K
  class space    used 20762K, committed 21440K, reserved 1048576K
}
Event: 61.011 GC heap after
{Heap after GC invocations=61 (full 0):
 garbage-first heap   total 655360K, used 338925K [0x0000000080000000, 0x0000000100000000)
  region size 32768K, 1 young (32768K), 1 survivors (32768K)
 Metaspace       used 139299K, committed 140800K, reserved 1179648K
  class space    used 20762K, committed 21440K, reserved 1048576K
}

Dll operation events (16 events):
Event: 0.009 Loaded shared library \AppData\Local\Packages\Microsoft.4297127D64EC6_8wekyb3d8bbwe\LocalCache\Local\runtime\java-runtime-delta\windows-x64\java-runtime-delta\bin\java.dll
Event: 0.015 Loaded shared library \AppData\Local\Packages\Microsoft.4297127D64EC6_8wekyb3d8bbwe\LocalCache\Local\runtime\java-runtime-delta\windows-x64\java-runtime-delta\bin\zip.dll
Event: 0.067 Loaded shared library \AppData\Local\Packages\Microsoft.4297127D64EC6_8wekyb3d8bbwe\LocalCache\Local\runtime\java-runtime-delta\windows-x64\java-runtime-delta\bin\jsvml.dll
Event: 0.293 Loaded shared library \AppData\Local\Packages\Microsoft.4297127D64EC6_8wekyb3d8bbwe\LocalCache\Local\runtime\java-runtime-delta\windows-x64\java-runtime-delta\bin\net.dll
Event: 0.296 Loaded shared library \AppData\Local\Packages\Microsoft.4297127D64EC6_8wekyb3d8bbwe\LocalCache\Local\runtime\java-runtime-delta\windows-x64\java-runtime-delta\bin\nio.dll
Event: 0.304 Loaded shared library \AppData\Local\Packages\Microsoft.4297127D64EC6_8wekyb3d8bbwe\LocalCache\Local\runtime\java-runtime-delta\windows-x64\java-runtime-delta\bin\zip.dll
Event: 0.421 Loaded shared library \AppData\Local\Packages\Microsoft.4297127D64EC6_8wekyb3d8bbwe\LocalCache\Local\runtime\java-runtime-delta\windows-x64\java-runtime-delta\bin\jimage.dll
Event: 0.741 Loaded shared library \AppData\Local\Packages\Microsoft.4297127D64EC6_8wekyb3d8bbwe\LocalCache\Local\runtime\java-runtime-delta\windows-x64\java-runtime-delta\bin\verify.dll
Event: 3.542 Loaded shared library \AppData\Local\Packages\Microsoft.4297127D64EC6_8wekyb3d8bbwe\LocalCache\Local\runtime\java-runtime-delta\windows-x64\java-runtime-delta\bin\management.dll
Event: 3.549 Loaded shared library \AppData\Local\Packages\Microsoft.4297127D64EC6_8wekyb3d8bbwe\LocalCache\Local\runtime\java-runtime-delta\windows-x64\java-runtime-delta\bin\management_ext.dll
Event: 4.638 Loaded shared library \AppData\Roaming\.minecraft\bin\61c00ce643ee340df6ab1ab547afca90fd7fb6fa\lwjgl.dll
Event: 5.733 Loaded shared library \AppData\Roaming\.minecraft\bin\61c00ce643ee340df6ab1ab547afca90fd7fb6fa\lwjgl_stb.dll
Event: 6.111 Loaded shared library \AppData\Roaming\.minecraft\bin\61c00ce643ee340df6ab1ab547afca90fd7fb6fa\lwjgl_opengl.dll
Event: 15.176 Loaded shared library \AppData\Roaming\.minecraft\bin\61c00ce643ee340df6ab1ab547afca90fd7fb6fa\jna979854095701267917.dll
Event: 23.843 Loaded shared library \AppData\Local\Packages\Microsoft.4297127D64EC6_8wekyb3d8bbwe\LocalCache\Local\runtime\java-runtime-delta\windows-x64\java-runtime-delta\bin\sunmscapi.dll
Event: 23.894 Loaded shared library \AppData\Local\Packages\Microsoft.4297127D64EC6_8wekyb3d8bbwe\LocalCache\Local\runtime\java-runtime-delta\windows-x64\java-runtime-delta\bin\extnet.dll

Deoptimization events (20 events):
Event: 61.349 Thread 0x000002c65f410060 Uncommon trap: trap_request=0xffffffde fr.pc=0x000002c66b7964f8 relative=0x0000000000000198
Event: 61.349 Thread 0x000002c65f410060 Uncommon trap: reason=class_check action=maybe_recompile pc=0x000002c66b7964f8 method=it.unimi.dsi.fastutil.objects.Object2IntOpenHashMap.getInt(Ljava/lang/Object;)I @ 35 c2
Event: 61.349 Thread 0x000002c65f410060 DEOPT PACKING pc=0x000002c66b7964f8 sp=0x000000e9dfefbfc0
Event: 61.349 Thread 0x000002c65f410060 DEOPT UNPACKING pc=0x000002c66a5546a2 sp=0x000000e9dfefbf60 mode 2
Event: 61.359 Thread 0x000002c67f200d30 Uncommon trap: trap_request=0xffffffc6 fr.pc=0x000002c66ab69ce0 relative=0x0000000000000ec0
Event: 61.359 Thread 0x000002c67f200d30 Uncommon trap: reason=bimorphic_or_optimized_type_check action=maybe_recompile pc=0x000002c66ab69ce0 method=java.util.stream.StreamSpliterators$WrappingSpliterator.tryAdvance(Ljava/util/function/Consumer;)Z @ 29 c2
Event: 61.359 Thread 0x000002c67f200d30 DEOPT PACKING pc=0x000002c66ab69ce0 sp=0x000000e9e38fe3b0
Event: 61.359 Thread 0x000002c67f200d30 DEOPT UNPACKING pc=0x000002c66a5546a2 sp=0x000000e9e38fe3c0 mode 2
Event: 61.359 Thread 0x000002c67f200d30 Uncommon trap: trap_request=0xffffffc6 fr.pc=0x000002c66ab69ce0 relative=0x0000000000000ec0
Event: 61.359 Thread 0x000002c67f200d30 Uncommon trap: reason=bimorphic_or_optimized_type_check action=maybe_recompile pc=0x000002c66ab69ce0 method=java.util.stream.StreamSpliterators$WrappingSpliterator.tryAdvance(Ljava/util/function/Consumer;)Z @ 29 c2
Event: 61.359 Thread 0x000002c67f200d30 DEOPT PACKING pc=0x000002c66ab69ce0 sp=0x000000e9e38fe3b0
Event: 61.359 Thread 0x000002c67f200d30 DEOPT UNPACKING pc=0x000002c66a5546a2 sp=0x000000e9e38fe3c0 mode 2
Event: 61.359 Thread 0x000002c67f200d30 Uncommon trap: trap_request=0xffffffc6 fr.pc=0x000002c66ab69ce0 relative=0x0000000000000ec0
Event: 61.359 Thread 0x000002c67f200d30 Uncommon trap: reason=bimorphic_or_optimized_type_check action=maybe_recompile pc=0x000002c66ab69ce0 method=java.util.stream.StreamSpliterators$WrappingSpliterator.tryAdvance(Ljava/util/function/Consumer;)Z @ 29 c2
Event: 61.359 Thread 0x000002c67f200d30 DEOPT PACKING pc=0x000002c66ab69ce0 sp=0x000000e9e38fe3b0
Event: 61.359 Thread 0x000002c67f200d30 DEOPT UNPACKING pc=0x000002c66a5546a2 sp=0x000000e9e38fe3c0 mode 2
Event: 61.359 Thread 0x000002c67f200d30 Uncommon trap: trap_request=0xffffffc6 fr.pc=0x000002c66ab69ce0 relative=0x0000000000000ec0
Event: 61.359 Thread 0x000002c67f200d30 Uncommon trap: reason=bimorphic_or_optimized_type_check action=maybe_recompile pc=0x000002c66ab69ce0 method=java.util.stream.StreamSpliterators$WrappingSpliterator.tryAdvance(Ljava/util/function/Consumer;)Z @ 29 c2
Event: 61.359 Thread 0x000002c67f200d30 DEOPT PACKING pc=0x000002c66ab69ce0 sp=0x000000e9e38fe3b0
Event: 61.359 Thread 0x000002c67f200d30 DEOPT UNPACKING pc=0x000002c66a5546a2 sp=0x000000e9e38fe3c0 mode 2

Classes loaded (20 events):
Event: 60.664 Loading class java/text/CalendarBuilder
Event: 60.664 Loading class java/text/CalendarBuilder done
Event: 60.692 Loading class sun/security/rsa/RSAKeyPairGenerator$Legacy
Event: 60.692 Loading class sun/security/rsa/RSAKeyPairGenerator
Event: 60.692 Loading class sun/security/rsa/RSAKeyPairGenerator done
Event: 60.693 Loading class sun/security/rsa/RSAKeyPairGenerator$Legacy done
Event: 60.705 Loading class java/security/spec/RSAKeyGenParameterSpec
Event: 60.705 Loading class java/security/spec/RSAKeyGenParameterSpec done
Event: 60.705 Loading class java/math/BitSieve
Event: 60.706 Loading class java/math/BitSieve done
Event: 60.848 Loading class java/math/SignedMutableBigInteger
Event: 60.848 Loading class java/math/SignedMutableBigInteger done
Event: 60.951 Loading class java/util/function/LongBinaryOperator
Event: 60.951 Loading class java/util/function/LongBinaryOperator done
Event: 61.042 Loading class sun/security/provider/ByteArrayAccess$LE
Event: 61.042 Loading class sun/security/provider/ByteArrayAccess$LE done
Event: 61.070 Loading class java/util/concurrent/ForkJoinTask$RunnableExecuteAction
Event: 61.070 Loading class java/util/concurrent/ForkJoinTask$RunnableExecuteAction done
Event: 61.207 Loading class java/nio/DirectIntBufferS
Event: 61.208 Loading class java/nio/DirectIntBufferS done

Classes unloaded (20 events):
Event: 17.837 Thread 0x000002c6774cb530 Unloading class 0x00000001003eb800 'java/lang/invoke/LambdaForm$MH+0x00000001003eb800'
Event: 17.837 Thread 0x000002c6774cb530 Unloading class 0x00000001003eb400 'java/lang/invoke/LambdaForm$MH+0x00000001003eb400'
Event: 17.837 Thread 0x000002c6774cb530 Unloading class 0x00000001003ea400 'java/lang/invoke/LambdaForm$MH+0x00000001003ea400'
Event: 17.837 Thread 0x000002c6774cb530 Unloading class 0x00000001003e9c00 'java/lang/invoke/LambdaForm$MH+0x00000001003e9c00'
Event: 17.837 Thread 0x000002c6774cb530 Unloading class 0x00000001003e9000 'java/lang/invoke/LambdaForm$MH+0x00000001003e9000'
Event: 17.837 Thread 0x000002c6774cb530 Unloading class 0x00000001003e9400 'java/lang/invoke/LambdaForm$MH+0x00000001003e9400'
Event: 17.837 Thread 0x000002c6774cb530 Unloading class 0x00000001003e8400 'java/lang/invoke/LambdaForm$MH+0x00000001003e8400'
Event: 17.837 Thread 0x000002c6774cb530 Unloading class 0x00000001003e7c00 'java/lang/invoke/LambdaForm$MH+0x00000001003e7c00'
Event: 17.837 Thread 0x000002c6774cb530 Unloading class 0x00000001003e7400 'java/lang/invoke/LambdaForm$MH+0x00000001003e7400'
Event: 17.837 Thread 0x000002c6774cb530 Unloading class 0x00000001003e7000 'java/lang/invoke/LambdaForm$MH+0x00000001003e7000'
Event: 17.837 Thread 0x000002c6774cb530 Unloading class 0x00000001003e6400 'java/lang/invoke/LambdaForm$MH+0x00000001003e6400'
Event: 17.837 Thread 0x000002c6774cb530 Unloading class 0x00000001003e5c00 'java/lang/invoke/LambdaForm$MH+0x00000001003e5c00'
Event: 17.837 Thread 0x000002c6774cb530 Unloading class 0x00000001003e5800 'java/lang/invoke/LambdaForm$MH+0x00000001003e5800'
Event: 17.837 Thread 0x000002c6774cb530 Unloading class 0x00000001003e5000 'java/lang/invoke/LambdaForm$MH+0x00000001003e5000'
Event: 17.837 Thread 0x000002c6774cb530 Unloading class 0x00000001003e4c00 'java/lang/invoke/LambdaForm$MH+0x00000001003e4c00'
Event: 30.780 Thread 0x000002c6774cb530 Unloading class 0x000000010118d400 'java/lang/invoke/LambdaForm$DMH+0x000000010118d400'
Event: 30.780 Thread 0x000002c6774cb530 Unloading class 0x000000010118d000 'java/lang/invoke/LambdaForm$DMH+0x000000010118d000'
Event: 31.947 Thread 0x000002c6774cb530 Unloading class 0x00000001011c1800 'java/lang/invoke/LambdaForm$DMH+0x00000001011c1800'
Event: 31.947 Thread 0x000002c6774cb530 Unloading class 0x00000001011c1400 'java/lang/invoke/LambdaForm$DMH+0x00000001011c1400'
Event: 31.947 Thread 0x000002c6774cb530 Unloading class 0x00000001011c0c00 'java/lang/invoke/LambdaForm$MH+0x00000001011c0c00'

Classes redefined (0 events):
No events

Internal exceptions (20 events):
Event: 60.646 Thread 0x000002c65f410060 Exception <a 'sun/nio/fs/WindowsException'{0x000000009a206a60}> (0x000000009a206a60) 
thrown [s\src\hotspot\share\prims\jni.cpp, line 520]
Event: 60.646 Thread 0x000002c65f410060 Exception <a 'sun/nio/fs/WindowsException'{0x000000009a206b50}> (0x000000009a206b50) 
thrown [s\src\hotspot\share\prims\jni.cpp, line 520]
Event: 60.647 Thread 0x000002c65f410060 Exception <a 'sun/nio/fs/WindowsException'{0x000000009a21d208}> (0x000000009a21d208) 
thrown [s\src\hotspot\share\prims\jni.cpp, line 520]
Event: 60.854 Thread 0x000002c61055c1e0 Exception <a 'sun/nio/fs/WindowsException'{0x000000009af00090}> (0x000000009af00090) 
thrown [s\src\hotspot\share\prims\jni.cpp, line 520]
Event: 60.855 Thread 0x000002c61055c1e0 Exception <a 'sun/nio/fs/WindowsException'{0x000000009af00788}> (0x000000009af00788) 
thrown [s\src\hotspot\share\prims\jni.cpp, line 520]
Event: 60.857 Thread 0x000002c61055c1e0 Exception <a 'sun/nio/fs/WindowsException'{0x000000009af015b0}> (0x000000009af015b0) 
thrown [s\src\hotspot\share\prims\jni.cpp, line 520]
Event: 61.143 Thread 0x000002c61055c1e0 Exception <a 'java/lang/NoSuchMethodError'{0x00000000a4c22a78}: 'java.lang.Object java.lang.invoke.DirectMethodHandle$Holder.invokeSpecial(java.lang.Object, java.lang.Object, int, int, java.lang.Object, java.lang.Object)'> (0x00000000a4c22a78) 
thrown [s\src\hotspot\share\interpreter\linkResolver.cpp, line 773]
Event: 61.144 Thread 0x000002c67f2013c0 Implicit null exception at 0x000002c66af16fab to 0x000002c66af17364
Event: 61.154 Thread 0x000002c61055c1e0 Exception <a 'java/lang/NoSuchMethodError'{0x00000000a5056e30}: 'java.lang.Object java.lang.invoke.DirectMethodHandle$Holder.invokeStatic(java.lang.Object, long, java.lang.Object, java.lang.Object)'> (0x00000000a5056e30) 
thrown [s\src\hotspot\share\interpreter\linkResolver.cpp, line 773]
Event: 61.177 Thread 0x000002c67f201a50 Exception <a 'java/lang/NoSuchMethodError'{0x00000000a4d535d0}: 'java.lang.Object java.lang.invoke.DirectMethodHandle$Holder.newInvokeSpecial(java.lang.Object, int, java.lang.Object, int)'> (0x00000000a4d535d0) 
thrown [s\src\hotspot\share\interpreter\linkResolver.cpp, line 773]
Event: 61.177 Thread 0x000002c67f201a50 Exception <a 'java/lang/NoSuchMethodError'{0x00000000a4d572d0}: 'java.lang.Object java.lang.invoke.DirectMethodHandle$Holder.invokeSpecial(java.lang.Object, java.lang.Object, int, java.lang.Object, int)'> (0x00000000a4d572d0) 
thrown [s\src\hotspot\share\interpreter\linkResolver.cpp, line 773]
Event: 61.191 Thread 0x000002c67f1fcb90 Exception <a 'java/lang/NoSuchMethodError'{0x00000000a4c963e8}: 'java.lang.Object java.lang.invoke.DirectMethodHandle$Holder.invokeSpecial(java.lang.Object, java.lang.Object, long, java.lang.Object)'> (0x00000000a4c963e8) 
thrown [s\src\hotspot\share\interpreter\linkResolver.cpp, line 773]
Event: 61.195 Thread 0x000002c67f1fcb90 Exception <a 'java/lang/IncompatibleClassChangeError'{0x00000000a526fb60}: Found class java.lang.Object, but interface was expected> (0x00000000a526fb60) 
thrown [s\src\hotspot\share\interpreter\linkResolver.cpp, line 840]
Event: 61.198 Thread 0x000002c67f202e00 Exception <a 'sun/nio/fs/WindowsException'{0x00000000a528ac40}> (0x00000000a528ac40) 
thrown [s\src\hotspot\share\prims\jni.cpp, line 520]
Event: 61.210 Thread 0x000002c61055d590 Implicit null exception at 0x000002c66ac6f328 to 0x000002c66ac6f3ec
Event: 61.211 Thread 0x000002c61055d590 Exception <a 'sun/nio/fs/WindowsException'{0x00000000a53601f8}> (0x00000000a53601f8) 
thrown [s\src\hotspot\share\prims\jni.cpp, line 520]
Event: 61.213 Thread 0x000002c61055d590 Exception <a 'sun/nio/fs/WindowsException'{0x00000000a5362588}> (0x00000000a5362588) 
thrown [s\src\hotspot\share\prims\jni.cpp, line 520]
Event: 61.216 Thread 0x000002c67f202e00 Exception <a 'sun/nio/fs/WindowsException'{0x00000000a535b810}> (0x00000000a535b810) 
thrown [s\src\hotspot\share\prims\jni.cpp, line 520]
Event: 61.222 Thread 0x000002c61055c1e0 Exception <a 'java/lang/NoSuchMethodError'{0x00000000a5564fe0}: 'java.lang.Object java.lang.invoke.DirectMethodHandle$Holder.invokeStatic(java.lang.Object, int, java.lang.Object, java.lang.Object, java.lang.Object)'> (0x00000000a5564fe0) 
thrown [s\src\hotspot\share\interpreter\linkResolver.cpp, line 773]
Event: 61.222 Thread 0x000002c61055c1e0 Exception <a 'java/lang/NoSuchMethodError'{0x00000000a55688f0}: 'java.lang.Object java.lang.invoke.DirectMethodHandle$Holder.invokeStaticInit(java.lang.Object, int, java.lang.Object, java.lang.Object, java.lang.Object)'> (0x00000000a55688f0) 
thrown [s\src\hotspot\share\interpreter\linkResolver.cpp, line 773]

ZGC Phase Switch (0 events):
No events

VM Operations (20 events):
Event: 57.520 Executing VM operation: Cleanup
Event: 57.520 Executing VM operation: Cleanup done
Event: 58.521 Executing VM operation: Cleanup
Event: 58.521 Executing VM operation: Cleanup done
Event: 60.106 Executing VM operation: HandshakeAllThreads (HandshakeForDeflation)
Event: 60.106 Executing VM operation: HandshakeAllThreads (HandshakeForDeflation) done
Event: 60.106 Executing VM operation: Cleanup
Event: 60.106 Executing VM operation: Cleanup done
Event: 60.106 Executing VM operation: RendezvousGCThreads
Event: 60.106 Executing VM operation: RendezvousGCThreads done
Event: 60.850 Executing VM operation: HandshakeAllThreads (Deoptimize)
Event: 60.850 Executing VM operation: HandshakeAllThreads (Deoptimize) done
Event: 60.950 Executing VM operation: HandshakeAllThreads (Deoptimize)
Event: 60.951 Executing VM operation: HandshakeAllThreads (Deoptimize) done
Event: 60.996 Executing VM operation: G1CollectForAllocation (G1 Evacuation Pause)
Event: 61.011 Executing VM operation: G1CollectForAllocation (G1 Evacuation Pause) done
Event: 61.388 Executing VM operation: HandshakeAllThreads (Deoptimize)
Event: 61.388 Executing VM operation: HandshakeAllThreads (Deoptimize) done
Event: 61.433 Executing VM operation: HandshakeAllThreads (Deoptimize)
Event: 61.433 Executing VM operation: HandshakeAllThreads (Deoptimize) done

Memory protections (0 events):
No events

Nmethod flushes (20 events):
Event: 49.094 Thread 0x000002c6774cb530 flushing  nmethod 0x000002c6642fbf90
Event: 49.094 Thread 0x000002c6774cb530 flushing  nmethod 0x000002c664504810
Event: 49.094 Thread 0x000002c6774cb530 flushing  nmethod 0x000002c664505010
Event: 49.094 Thread 0x000002c6774cb530 flushing  nmethod 0x000002c664506390
Event: 49.094 Thread 0x000002c6774cb530 flushing  nmethod 0x000002c66450e910
Event: 49.094 Thread 0x000002c6774cb530 flushing  nmethod 0x000002c6645ffd90
Event: 49.094 Thread 0x000002c6774cb530 flushing  nmethod 0x000002c66462c610
Event: 49.094 Thread 0x000002c6774cb530 flushing  nmethod 0x000002c66462cb10
Event: 49.094 Thread 0x000002c6774cb530 flushing  nmethod 0x000002c66462cf90
Event: 49.094 Thread 0x000002c6774cb530 flushing  nmethod 0x000002c66462d510
Event: 49.094 Thread 0x000002c6774cb530 flushing osr nmethod 0x000002c664630390
Event: 49.094 Thread 0x000002c6774cb530 flushing  nmethod 0x000002c664633390
Event: 49.094 Thread 0x000002c6774cb530 flushing osr nmethod 0x000002c664633c10
Event: 49.094 Thread 0x000002c6774cb530 flushing  nmethod 0x000002c664635310
Event: 49.094 Thread 0x000002c6774cb530 flushing  nmethod 0x000002c664637510
Event: 49.094 Thread 0x000002c6774cb530 flushing  nmethod 0x000002c66463a290
Event: 49.094 Thread 0x000002c6774cb530 flushing osr nmethod 0x000002c66463a810
Event: 49.094 Thread 0x000002c6774cb530 flushing  nmethod 0x000002c66463d810
Event: 49.094 Thread 0x000002c6774cb530 flushing  nmethod 0x000002c664642b10
Event: 49.094 Thread 0x000002c6774cb530 flushing  nmethod 0x000002c664643190

Events (20 events):
Event: 48.115 Thread 0x000002c67ed39e80 Thread exited: 0x000002c67ed39e80
Event: 48.415 Thread 0x000002c67756a470 Thread added: 0x000002c67ed39e80
Event: 48.993 Thread 0x000002c67ed39e80 Thread exited: 0x000002c67ed39e80
Event: 48.993 Thread 0x000002c67ed3f040 Thread exited: 0x000002c67ed3f040
Event: 49.313 Thread 0x000002c67c90eb90 Thread exited: 0x000002c67c90eb90
Event: 50.022 Thread 0x000002c677580590 Thread added: 0x000002c67ed3c760
Event: 50.022 Thread 0x000002c677580590 Thread added: 0x000002c67ed39e80
Event: 50.158 Thread 0x000002c67ed39e80 Thread exited: 0x000002c67ed39e80
Event: 50.344 Thread 0x000002c67ed3c760 Thread exited: 0x000002c67ed3c760
Event: 51.397 Thread 0x000002c677580590 Thread added: 0x000002c67ed39e80
Event: 51.397 Thread 0x000002c677580590 Thread added: 0x000002c67ed3a550
Event: 51.546 Thread 0x000002c67ed3a550 Thread exited: 0x000002c67ed3a550
Event: 51.546 Thread 0x000002c67ed39e80 Thread exited: 0x000002c67ed39e80
Event: 60.621 Thread 0x000002c67f1ff2f0 Thread exited: 0x000002c67f1ff2f0
Event: 60.622 Thread 0x000002c65f410060 Thread added: 0x000002c610559a80
Event: 60.688 Thread 0x000002c65f410060 Thread added: 0x000002c61055c1e0
Event: 60.695 Thread 0x000002c67756a470 Thread added: 0x000002c67ed3ac20
Event: 60.712 Thread 0x000002c67756a470 Thread added: 0x000002c67ed3f040
Event: 61.209 Thread 0x000002c67f202e00 Thread added: 0x000002c61055d590
Event: 61.217 Thread 0x000002c61055d590 Thread added: 0x000002c61055efd0


Dynamic libraries:
0x00007ff7b7580000 - 0x00007ff7b758e000 	\AppData\Local\Packages\Microsoft.4297127D64EC6_8wekyb3d8bbwe\LocalCache\Local\runtime\java-runtime-delta\windows-x64\java-runtime-delta\bin\javaw.exe
0x00007ff8a6fd0000 - 0x00007ff8a71c8000 	C:\Windows\SYSTEM32\ntdll.dll
0x00007ff8a60f0000 - 0x00007ff8a61b2000 	C:\Windows\System32\KERNEL32.DLL
0x00007ff8a4a50000 - 0x00007ff8a4d46000 	C:\Windows\System32\KERNELBASE.dll
0x00007ff8a4660000 - 0x00007ff8a4760000 	C:\Windows\System32\ucrtbase.dll
0x00007ff882180000 - 0x00007ff882198000 	\AppData\Local\Packages\Microsoft.4297127D64EC6_8wekyb3d8bbwe\LocalCache\Local\runtime\java-runtime-delta\windows-x64\java-runtime-delta\bin\jli.dll
0x00007ff8821a0000 - 0x00007ff8821bd000 	\AppData\Local\Packages\Microsoft.4297127D64EC6_8wekyb3d8bbwe\LocalCache\Local\runtime\java-runtime-delta\windows-x64\java-runtime-delta\bin\VCRUNTIME140.dll
0x00007ff8a4ff0000 - 0x00007ff8a5191000 	C:\Windows\System32\USER32.dll
0x00007ff8a4a20000 - 0x00007ff8a4a42000 	C:\Windows\System32\win32u.dll
0x00007ff88b370000 - 0x00007ff88b60b000 	C:\Windows\WinSxS\amd64_microsoft.windows.common-controls_6595b64144ccf1df_6.0.19041.6456_none_60b8a6cb71f64256\COMCTL32.dll
0x00007ff8a6e00000 - 0x00007ff8a6e2b000 	C:\Windows\System32\GDI32.dll
0x00007ff8a6ee0000 - 0x00007ff8a6f7e000 	C:\Windows\System32\msvcrt.dll
0x00007ff8a4ed0000 - 0x00007ff8a4fe9000 	C:\Windows\System32\gdi32full.dll
0x00007ff8a4e30000 - 0x00007ff8a4ecd000 	C:\Windows\System32\msvcp_win.dll
0x00007ff8a5340000 - 0x00007ff8a536f000 	C:\Windows\System32\IMM32.DLL
0x00007ff8976b0000 - 0x00007ff8976bc000 	\AppData\Local\Packages\Microsoft.4297127D64EC6_8wekyb3d8bbwe\LocalCache\Local\runtime\java-runtime-delta\windows-x64\java-runtime-delta\bin\vcruntime140_1.dll
0x00007ff8820f0000 - 0x00007ff88217d000 	\AppData\Local\Packages\Microsoft.4297127D64EC6_8wekyb3d8bbwe\LocalCache\Local\runtime\java-runtime-delta\windows-x64\java-runtime-delta\bin\msvcp140.dll
0x00007ff83d110000 - 0x00007ff83dea8000 	\AppData\Local\Packages\Microsoft.4297127D64EC6_8wekyb3d8bbwe\LocalCache\Local\runtime\java-runtime-delta\windows-x64\java-runtime-delta\bin\server\jvm.dll
0x00007ff8a5280000 - 0x00007ff8a5331000 	C:\Windows\System32\ADVAPI32.dll
0x00007ff8a5ec0000 - 0x00007ff8a5f5f000 	C:\Windows\System32\sechost.dll
0x00007ff8a5fd0000 - 0x00007ff8a60f0000 	C:\Windows\System32\RPCRT4.dll
0x00007ff8a4760000 - 0x00007ff8a4787000 	C:\Windows\System32\bcrypt.dll
0x00007ff8a5df0000 - 0x00007ff8a5e5b000 	C:\Windows\System32\WS2_32.dll
0x00007ff8a3b60000 - 0x00007ff8a3bab000 	C:\Windows\SYSTEM32\POWRPROF.dll
0x00007ff895800000 - 0x00007ff895827000 	C:\Windows\SYSTEM32\WINMM.dll
0x00007ff89db20000 - 0x00007ff89db2a000 	C:\Windows\SYSTEM32\VERSION.dll
0x00007ff8a3a20000 - 0x00007ff8a3a32000 	C:\Windows\SYSTEM32\UMPDC.dll
0x00007ff8a24b0000 - 0x00007ff8a24c2000 	C:\Windows\SYSTEM32\kernel.appcore.dll
0x00007ff889d20000 - 0x00007ff889d2a000 	\AppData\Local\Packages\Microsoft.4297127D64EC6_8wekyb3d8bbwe\LocalCache\Local\runtime\java-runtime-delta\windows-x64\java-runtime-delta\bin\jimage.dll
0x00007ff893770000 - 0x00007ff893971000 	C:\Windows\SYSTEM32\DBGHELP.DLL
0x00007ff880760000 - 0x00007ff880794000 	C:\Windows\SYSTEM32\dbgcore.DLL
0x00007ff8a4d50000 - 0x00007ff8a4dd2000 	C:\Windows\System32\bcryptPrimitives.dll
0x00007ff8820d0000 - 0x00007ff8820f0000 	\AppData\Local\Packages\Microsoft.4297127D64EC6_8wekyb3d8bbwe\LocalCache\Local\runtime\java-runtime-delta\windows-x64\java-runtime-delta\bin\java.dll
0x00007ff8820b0000 - 0x00007ff8820c8000 	\AppData\Local\Packages\Microsoft.4297127D64EC6_8wekyb3d8bbwe\LocalCache\Local\runtime\java-runtime-delta\windows-x64\java-runtime-delta\bin\zip.dll
0x00007ff8a6690000 - 0x00007ff8a6e00000 	C:\Windows\System32\SHELL32.dll
0x00007ff8a26b0000 - 0x00007ff8a2e55000 	C:\Windows\SYSTEM32\windows.storage.dll
0x00007ff8a5400000 - 0x00007ff8a5754000 	C:\Windows\System32\combase.dll
0x00007ff8a3fb0000 - 0x00007ff8a3fdb000 	C:\Windows\SYSTEM32\Wldp.dll
0x00007ff8a5bf0000 - 0x00007ff8a5cbd000 	C:\Windows\System32\OLEAUT32.dll
0x00007ff8a6e30000 - 0x00007ff8a6edd000 	C:\Windows\System32\SHCORE.dll
0x00007ff8a5840000 - 0x00007ff8a589b000 	C:\Windows\System32\shlwapi.dll
0x00007ff8a4590000 - 0x00007ff8a45b4000 	C:\Windows\SYSTEM32\profapi.dll
0x00007ff881fd0000 - 0x00007ff8820a6000 	\AppData\Local\Packages\Microsoft.4297127D64EC6_8wekyb3d8bbwe\LocalCache\Local\runtime\java-runtime-delta\windows-x64\java-runtime-delta\bin\jsvml.dll
0x00007ff888e40000 - 0x00007ff888e50000 	\AppData\Local\Packages\Microsoft.4297127D64EC6_8wekyb3d8bbwe\LocalCache\Local\runtime\java-runtime-delta\windows-x64\java-runtime-delta\bin\net.dll
0x00007ff89f170000 - 0x00007ff89f27a000 	C:\Windows\SYSTEM32\WINHTTP.dll
0x00007ff8a3d90000 - 0x00007ff8a3dfa000 	C:\Windows\system32\mswsock.dll
0x00007ff881fb0000 - 0x00007ff881fc6000 	\AppData\Local\Packages\Microsoft.4297127D64EC6_8wekyb3d8bbwe\LocalCache\Local\runtime\java-runtime-delta\windows-x64\java-runtime-delta\bin\nio.dll
0x00007ff887c70000 - 0x00007ff887c80000 	\AppData\Local\Packages\Microsoft.4297127D64EC6_8wekyb3d8bbwe\LocalCache\Local\runtime\java-runtime-delta\windows-x64\java-runtime-delta\bin\verify.dll
0x00007ff887a30000 - 0x00007ff887a3a000 	\AppData\Local\Packages\Microsoft.4297127D64EC6_8wekyb3d8bbwe\LocalCache\Local\runtime\java-runtime-delta\windows-x64\java-runtime-delta\bin\management.dll
0x00007ff8853c0000 - 0x00007ff8853cb000 	\AppData\Local\Packages\Microsoft.4297127D64EC6_8wekyb3d8bbwe\LocalCache\Local\runtime\java-runtime-delta\windows-x64\java-runtime-delta\bin\management_ext.dll
0x00007ff8a5810000 - 0x00007ff8a5818000 	C:\Windows\System32\PSAPI.DLL
0x00007ff893b10000 - 0x00007ff893b27000 	C:\Windows\system32\napinsp.dll
0x00007ff893af0000 - 0x00007ff893b0b000 	C:\Windows\system32\pnrpnsp.dll
0x00007ff8a0530000 - 0x00007ff8a054d000 	C:\Windows\system32\NLAapi.dll
0x00007ff8a3a40000 - 0x00007ff8a3a7b000 	C:\Windows\SYSTEM32\IPHLPAPI.DLL
0x00007ff8a3a90000 - 0x00007ff8a3b5a000 	C:\Windows\SYSTEM32\DNSAPI.dll
0x00007ff8a6f80000 - 0x00007ff8a6f88000 	C:\Windows\System32\NSI.dll
0x00007ff893ad0000 - 0x00007ff893ae2000 	C:\Windows\System32\winrnr.dll
0x00007ff87e670000 - 0x00007ff87e68d000 	C:\Windows\system32\wshbth.dll
0x00007ff89bcd0000 - 0x00007ff89bcda000 	C:\Windows\System32\rasadhlp.dll
0x00007ff89bd20000 - 0x00007ff89bda0000 	C:\Windows\System32\fwpuclnt.dll
0x00007ff87c980000 - 0x00007ff87c9fb000 	\AppData\Roaming\.minecraft\bin\61c00ce643ee340df6ab1ab547afca90fd7fb6fa\lwjgl.dll
0x00007ff87c8f0000 - 0x00007ff87c972000 	\AppData\Roaming\.minecraft\bin\61c00ce643ee340df6ab1ab547afca90fd7fb6fa\glfw.dll
0x00007ff871870000 - 0x00007ff8718b5000 	C:\Windows\SYSTEM32\dinput8.dll
0x00007ff871930000 - 0x00007ff871941000 	C:\Windows\SYSTEM32\xinput1_4.dll
0x00007ff8a4de0000 - 0x00007ff8a4e2e000 	C:\Windows\System32\cfgmgr32.dll
0x00007ff8a43f0000 - 0x00007ff8a4423000 	C:\Windows\SYSTEM32\DEVOBJ.dll
0x00007ff8a22d0000 - 0x00007ff8a22fe000 	C:\Windows\SYSTEM32\dwmapi.dll
0x00007ff896a20000 - 0x00007ff896b72000 	C:\Windows\SYSTEM32\inputhost.dll
0x00007ff8a17b0000 - 0x00007ff8a18a2000 	C:\Windows\SYSTEM32\CoreMessaging.dll
0x00007ff89f9a0000 - 0x00007ff89fa94000 	C:\Windows\SYSTEM32\PROPSYS.dll
0x00007ff8a1450000 - 0x00007ff8a17ab000 	C:\Windows\SYSTEM32\CoreUIComponents.dll
0x00007ff89fe20000 - 0x00007ff89ff77000 	C:\Windows\SYSTEM32\wintypes.dll
0x00007ff8a38b0000 - 0x00007ff8a38e3000 	C:\Windows\SYSTEM32\ntmarta.dll
0x00007ff8a1fc0000 - 0x00007ff8a205e000 	C:\Windows\system32\uxtheme.dll
0x00007ff8a58a0000 - 0x00007ff8a59b5000 	C:\Windows\System32\MSCTF.dll
0x00007ff83e690000 - 0x00007ff83e7b8000 	C:\Windows\SYSTEM32\opengl32.dll
0x00007ff83e660000 - 0x00007ff83e68c000 	C:\Windows\SYSTEM32\GLU32.dll
0x00007ff8a5760000 - 0x00007ff8a5809000 	C:\Windows\System32\clbcatq.dll
0x00007ffff0d80000 - 0x00007ffff36d2000 	C:\Windows\System32\DriverStore\FileRepository\nv_dispi.inf_amd64_3496fbfac7a2d1ba\nvoglv64.dll
0x00007ff8a6220000 - 0x00007ff8a6690000 	C:\Windows\System32\SETUPAPI.dll
0x00007ff8a5cc0000 - 0x00007ff8a5deb000 	C:\Windows\System32\ole32.dll
0x00007ff89fdf0000 - 0x00007ff89fe04000 	C:\Windows\SYSTEM32\WTSAPI32.dll
0x00007ff8a4220000 - 0x00007ff8a4232000 	C:\Windows\SYSTEM32\msasn1.dll
0x00007ff89d830000 - 0x00007ff89d861000 	C:\Windows\SYSTEM32\cryptnet.dll
0x00007ff8a4840000 - 0x00007ff8a499d000 	C:\Windows\System32\CRYPT32.dll
0x00007ff8a3f20000 - 0x00007ff8a3f2c000 	C:\Windows\SYSTEM32\cryptbase.dll
0x00007ff89d6a0000 - 0x00007ff89d7e7000 	C:\Windows\SYSTEM32\drvstore.dll
0x00007ff8a49a0000 - 0x00007ff8a4a13000 	C:\Windows\System32\WINTRUST.dll
0x00007ff8a5820000 - 0x00007ff8a583d000 	C:\Windows\System32\imagehlp.dll
0x00007ff8a3ff0000 - 0x00007ff8a4008000 	C:\Windows\SYSTEM32\CRYPTSP.dll
0x00007ff8a3660000 - 0x00007ff8a3698000 	C:\Windows\system32\rsaenh.dll
0x00007ff897cf0000 - 0x00007ff89ba83000 	C:\Windows\System32\DriverStore\FileRepository\nv_dispi.inf_amd64_3496fbfac7a2d1ba\nvgpucomp64.dll
0x00007ff89cf60000 - 0x00007ff89cf9b000 	C:\Windows\SYSTEM32\dxcore.dll
0x00007ff875900000 - 0x00007ff875a47000 	C:\Windows\system32\nvspcap64.dll
0x00007ff8a35a0000 - 0x00007ff8a3603000 	C:\Windows\SYSTEM32\WINSTA.dll
0x00007ff855710000 - 0x00007ff855980000 	\AppData\Roaming\.minecraft\bin\61c00ce643ee340df6ab1ab547afca90fd7fb6fa\jemalloc.dll
0x00007ff87c860000 - 0x00007ff87c8e2000 	\AppData\Roaming\.minecraft\bin\61c00ce643ee340df6ab1ab547afca90fd7fb6fa\lwjgl_stb.dll
0x00007ff89e070000 - 0x00007ff89e11e000 	C:\Windows\SYSTEM32\mscms.dll
0x00007ff8a4510000 - 0x00007ff8a453e000 	C:\Windows\SYSTEM32\USERENV.dll
0x00007ff89df50000 - 0x00007ff89df61000 	C:\Windows\SYSTEM32\ColorAdapterClient.dll
0x00007ff889ca0000 - 0x00007ff889ce5000 	C:\Windows\SYSTEM32\icm32.dll
0x00007ff896b80000 - 0x00007ff896c79000 	C:\Windows\SYSTEM32\textinputframework.dll
0x00007ff87d890000 - 0x00007ff87d8ee000 	\AppData\Roaming\.minecraft\bin\61c00ce643ee340df6ab1ab547afca90fd7fb6fa\lwjgl_opengl.dll
0x00007ff8877c0000 - 0x00007ff887811000 	C:\Windows\SYSTEM32\pdh.dll
0x00007ff8a0ed0000 - 0x00007ff8a0edf000 	C:\Windows\System32\perfproc.dll
0x00007ff881a10000 - 0x00007ff881a1f000 	C:\Windows\System32\perfos.dll
0x00007ff8760c0000 - 0x00007ff876105000 	\AppData\Roaming\.minecraft\bin\61c00ce643ee340df6ab1ab547afca90fd7fb6fa\jna979854095701267917.dll
0x00007ff888300000 - 0x00007ff88831f000 	C:\Windows\SYSTEM32\amsi.dll
0x00007ff8880e0000 - 0x00007ff888182000 	C:\ProgramData\Microsoft\Windows Defender\Platform\4.18.26010.5-0\MpOav.dll
0x00007ff885080000 - 0x00007ff88508e000 	\AppData\Local\Packages\Microsoft.4297127D64EC6_8wekyb3d8bbwe\LocalCache\Local\runtime\java-runtime-delta\windows-x64\java-runtime-delta\bin\sunmscapi.dll
0x00007ff8a4100000 - 0x00007ff8a4127000 	C:\Windows\SYSTEM32\ncrypt.dll
0x00007ff8a40c0000 - 0x00007ff8a40fb000 	C:\Windows\SYSTEM32\NTASN1.dll
0x00007ff881e60000 - 0x00007ff881e69000 	\AppData\Local\Packages\Microsoft.4297127D64EC6_8wekyb3d8bbwe\LocalCache\Local\runtime\java-runtime-delta\windows-x64\java-runtime-delta\bin\extnet.dll
0x00007ff865080000 - 0x00007ff865247000 	\AppData\Roaming\.minecraft\bin\61c00ce643ee340df6ab1ab547afca90fd7fb6fa\OpenAL.dll
0x00007ff89ed50000 - 0x00007ff89edd5000 	C:\Windows\System32\MMDevApi.dll
0x00007ff821a80000 - 0x00007ff821c0d000 	C:\Windows\System32\Speech\Common\sapi.dll
0x00007ff821a70000 - 0x00007ff821a7b000 	C:\Windows\SYSTEM32\msdmo.dll
0x00007ff839550000 - 0x00007ff83956e000 	C:\Windows\SYSTEM32\MSACM32.dll
0x00007ff8767b0000 - 0x00007ff8767d6000 	C:\Windows\SYSTEM32\winmmbase.dll
0x00007ff887c80000 - 0x00007ff887c87000 	C:\Windows\system32\wshunix.dll
0x00007ff89ee20000 - 0x00007ff89efa1000 	C:\Windows\SYSTEM32\AUDIOSES.DLL
0x00007ff8a20b0000 - 0x00007ff8a20c4000 	C:\Windows\SYSTEM32\resourcepolicyclient.dll
0x00007ff88b800000 - 0x00007ff88b8ac000 	C:\Windows\SYSTEM32\TextShaping.dll

dbghelp: loaded successfully - version: 4.0.5 - missing functions: none
symbol engine: initialized successfully - sym options: 0x614 - pdb path: .;\AppData\Local\Packages\Microsoft.4297127D64EC6_8wekyb3d8bbwe\LocalCache\Local\runtime\java-runtime-delta\windows-x64\java-runtime-delta\bin;C:\Windows\SYSTEM32;C:\Windows\WinSxS\amd64_microsoft.windows.common-controls_6595b64144ccf1df_6.0.19041.6456_none_60b8a6cb71f64256;\AppData\Local\Packages\Microsoft.4297127D64EC6_8wekyb3d8bbwe\LocalCache\Local\runtime\java-runtime-delta\windows-x64\java-runtime-delta\bin\server;\AppData\Roaming\.minecraft\bin\61c00ce643ee340df6ab1ab547afca90fd7fb6fa;C:\Windows\System32\DriverStore\FileRepository\nv_dispi.inf_amd64_3496fbfac7a2d1ba;C:\ProgramData\Microsoft\Windows Defender\Platform\4.18.26010.5-0;C:\Windows\System32\Speech\Common

VM Arguments:
jvm_args: -XX:HeapDumpPath=MojangTricksIntelDriversForPerformance_javaw.exe_minecraft.exe.heapdump -Xss1M -Djava.library.path=\AppData\Roaming\.minecraft\bin\61c00ce643ee340df6ab1ab547afca90fd7fb6fa -Djna.tmpdir=\AppData\Roaming\.minecraft\bin\61c00ce643ee340df6ab1ab547afca90fd7fb6fa -Dorg.lwjgl.system.SharedLibraryExtractPath=\AppData\Roaming\.minecraft\bin\61c00ce643ee340df6ab1ab547afca90fd7fb6fa -Dio.netty.native.workdir=\AppData\Roaming\.minecraft\bin\61c00ce643ee340df6ab1ab547afca90fd7fb6fa -Dminecraft.launcher.brand=minecraft-launcher -Dminecraft.launcher.version=3.28.21 -Djava.net.preferIPv6Addresses=system -DignoreList=client-extra,neoforge-21.1.169.jar -DlibraryDirectory=\AppData\Roaming\.minecraft\libraries --module-path=\AppData\Roaming\.minecraft\libraries/cpw/mods/bootstraplauncher/2.0.2/bootstraplauncher-2.0.2.jar;\AppData\Roaming\.minecraft\libraries/cpw/mods/securejarhandler/3.0.8/securejarhandler-3.0.8.jar;\AppData\Roaming\.minecraft\libraries/org/ow2/asm/asm-commons/9.7/asm-commons-9.7.jar;\AppData\Roaming\.minecraft\libraries/org/ow2/asm/asm-util/9.7/asm-util-9.7.jar;\AppData\Roaming\.minecraft\libraries/org/ow2/asm/asm-analysis/9.7/asm-analysis-9.7.jar;\AppData\Roaming\.minecraft\libraries/org/ow2/asm/asm-tree/9.7/asm-tree-9.7.jar;\AppData\Roaming\.minecraft\libraries/org/ow2/asm/asm/9.7/asm-9.7.jar;\AppData\Roaming\.minecraft\libraries/net/neoforged/JarJarFileSystems/0.4.1/JarJarFileSystems-0.4.1.jar --add-modules=ALL-MODULE-PATH --add-opens=java.base/java.util.jar=cpw.mods.securejarhandler --add-opens=java.base/java.lang.invoke=cpw.mods.securejarhandler --add-exports=java.base/sun.security.util=cpw.mods.securejarhandler --add-exports=jdk.naming.dns/com.sun.jndi.dns=java.naming -Xmx2G -XX:+UnlockExperimentalVMOptions -XX:+UseG1GC -XX:G1NewSizePercent=20 -XX:G1ReservePercent=20 -XX:MaxGCPauseMillis=50 -XX:G1HeapRegionSize=32M -Dlog4j.configurationFile=\AppData\Roaming\.minecraft\assets\log_configs\client-1.12.xml 
java_command: cpw.mods.bootstraplauncher.BootstrapLauncher --version neoforge-21.1.169 --gameDir \AppData\Roaming\.minecraft --assetsDir \AppData\Roaming\.minecraft\assets --assetIndex 17 --userType msa --versionType release --quickPlayPath \AppData\Roaming\.minecraft\quickPlay\java\1773462171138.json --fml.neoForgeVersion 21.1.169 --fml.fmlVersion 4.0.39 --fml.mcVersion 1.21.1 --fml.neoFormVersion 20240808.144430 --launchTarget forgeclient
java_class_path (initial): \AppData\Roaming\.minecraft\libraries\net\neoforged\fancymodloader\earlydisplay\4.0.39\earlydisplay-4.0.39.jar;\AppData\Roaming\.minecraft\libraries\net\neoforged\fancymodloader\loader\4.0.39\loader-4.0.39.jar;\AppData\Roaming\.minecraft\libraries\net\neoforged\accesstransformers\at-modlauncher\10.0.1\at-modlauncher-10.0.1.jar;\AppData\Roaming\.minecraft\libraries\net\neoforged\accesstransformers\10.0.1\accesstransformers-10.0.1.jar;\AppData\Roaming\.minecraft\libraries\net\neoforged\bus\8.0.2\bus-8.0.2.jar;\AppData\Roaming\.minecraft\libraries\net\neoforged\coremods\7.0.3\coremods-7.0.3.jar;\AppData\Roaming\.minecraft\libraries\cpw\mods\modlauncher\11.0.4\modlauncher-11.0.4.jar;\AppData\Roaming\.minecraft\libraries\net\neoforged\mergetool\2.0.0\mergetool-2.0.0-api.jar;\AppData\Roaming\.minecraft\libraries\com\electronwill\night-config\toml\3.8.2\toml-3.8.2.jar;\AppData\Roaming\.minecraft\libraries\com\electronwill\night-config\core\3.8.2\core-3.8.2.jar;\AppData\Roaming\.minecraft\libraries\net\neoforged\JarJarSelector\0.4.1\JarJarSelector-0.4.1.jar;\AppData\Roaming\.minecraft\libraries\net\neoforged\JarJarMetadata\0.4.1\JarJarMetadata-0.4.1.jar;\AppData\Roaming\.minecraft\libraries\org\apache\maven\maven-artifact\3.8.5\maven-artifact-3.8.5.jar;\AppData\Roaming\.minecraft\libraries\net\jodah\typetools\0.6.3\typetools-0.6.3.jar;\AppData\Roaming\.minecraft\libraries\net\minecrell\terminalconsoleappender\1.3.0\terminalconsoleappender-1.3.0.jar;\AppData\Roaming\.minecraft\libraries\net\fabricmc\sponge-mixin\0.15.2+mixin.0.8.7\sponge-mixin-0.15.2+mixin.0.8.7.jar;\AppData\Roaming\.minecraft\libraries\org\openjdk\nashorn\nashorn-core\15.4\nashorn-core-15.4.jar;\AppData\Roaming\.minecraft\libraries\org\apache\commons\commons-lang3\3.14.0\commons-lang3-3.14.0.jar;\AppData\Roaming\.minecraft\libraries\cpw\mods\bootstraplauncher\2.0.2\bootstraplauncher-2.0.2.jar;\AppData\Roaming\.minecraft\libraries\cpw\mods\securejarhandler\3.0.8\securejarhandler-3.0.8.jar;\AppData\Roaming\.minecraft\libraries\org\ow2\asm\asm-commons\9.7\asm-commons-9.7.jar;\AppData\Roaming\.minecraft\libraries\org\ow2\asm\asm-util\9.7\asm-util-9.7.jar;\AppData\Roaming\.minecraft\libraries\org\ow2\asm\asm-analysis\9.7\asm-analysis-9.7.jar;\AppData\Roaming\.minecraft\libraries\org\ow2\asm\asm-tree\9.7\asm-tree-9.7.jar;\AppData\Roaming\.minecraft\libraries\org\ow2\asm\asm\9.7\asm-9.7.jar;\AppData\Roaming\.minecraft\libraries\net\neoforged\JarJarFileSystems\0.4.1\JarJarFileSystems-0.4.1.jar;\AppData\Roaming\.minecraft\libraries\net\sf\jopt-simple\jopt-simple\5.0.4\jopt-simple-5.0.4.jar;\AppData\Roaming\.minecraft\libraries\org\slf4j\slf4j-api\2.0.9\slf4j-api-2.0.9.jar;\AppData\Roaming\.minecraft\libraries\org\antlr\antlr4-runtime\4.13.1\antlr4-runtime-4.13.1.jar;\AppData\Roaming\.minecraft\libraries\com\mojang\logging\1.2.7\logging-1.2.7.jar;\AppData\Roaming\.minecraft\libraries\org\apache\logging\log4j\log4j-slf4j2-impl\2.22.1\log4j-slf4j2-impl-2.22.1.jar;\AppData\Roaming\.minecraft\libraries\org\apache\logging\log4j\log4j-core\2.22.1\log4j-core-2.22.1.jar;\AppData\Roaming\.minecraft\libraries\org\apache\logging\log4j\log4j-api\2.22.1\log4j-api-2.22.1.jar;\AppData\Roaming\.minecraft\libraries\org\jline\jline-reader\3.20.0\jline-reader-3.20.0.jar;\AppData\Roaming\.minecraft\libraries\org\jline\jline-terminal\3.20.0\jline-terminal-3.20.0.jar;\AppData\Roaming\.minecraft\libraries\commons-io\commons-io\2.15.1\commons-io-2.15.1.jar;\AppData\Roaming\.minecraft\libraries\net\minecraftforge\srgutils\0.4.15\srgutils-0.4.15.jar;\AppData\Roaming\.minecraft\libraries\com\google\guava\guava\32.1.2-jre\guava-32.1.2-jre.jar;\AppData\Roaming\.minecraft\libraries\com\google\guava\failureaccess\1.0.1\failureaccess-1.0.1.jar;\AppData\Roaming\.minecraft\libraries\com\google\guava\listenablefuture\9999.0-empty-to-avoid-conflict-with-guava\listenablefuture-9999.0-empty-to-avoid-conflict-with-guava.jar;\AppData\Roaming\.minecraft\libraries\com\google\code\findbugs\jsr305\3.0.2\jsr305-3.0.2.jar;\AppData\Roaming\.minecraft\libraries\org\checkerframework\checker-qual\3.33.0\checker-qual-3.33.0.jar;\AppData\Roaming\.minecraft\libraries\com\google\errorprone\error_prone_annotations\2.18.0\error_prone_annotations-2.18.0.jar;\AppData\Roaming\.minecraft\libraries\com\google\j2objc\j2objc-annotations\2.8\j2objc-annotations-2.8.jar;\AppData\Roaming\.minecraft\libraries\com\google\code\gson\gson\2.10.1\gson-2.10.1.jar;\AppData\Roaming\.minecraft\libraries\org\codehaus\plexus\plexus-utils\3.3.0\plexus-utils-3.3.0.jar;\AppData\Roaming\.minecraft\libraries\com\machinezoo\noexception\noexception\1.7.1\noexception-1.7.1.jar;\AppData\Roaming\.minecraft\libraries\com\github\oshi\oshi-core\6.4.10\oshi-core-6.4.10.jar;\AppData\Roaming\.minecraft\libraries\com\ibm\icu\icu4j\73.2\icu4j-73.2.jar;\AppData\Roaming\.minecraft\libraries\com\mojang\authlib\6.0.54\authlib-6.0.54.jar;\AppData\Roaming\.minecraft\libraries\com\mojang\blocklist\1.0.10\blocklist-1.0.10.jar;\AppData\Roaming\.minecraft\libraries\com\mojang\brigadier\1.3.10\brigadier-1.3.10.jar;\AppData\Roaming\.minecraft\libraries\com\mojang\datafixerupper\8.0.16\datafixerupper-8.0.16.jar;\AppData\Roaming\.minecraft\libraries\com\mojang\patchy\2.2.10\patchy-2.2.10.jar;\AppData\Roaming\.minecraft\libraries\com\mojang\text2speech\1.17.9\text2speech-1.17.9.jar;\AppData\Roaming\.minecraft\libraries\commons-codec\commons-codec\1.16.0\commons-codec-1.16.0.jar;\AppData\Roaming\.minecraft\libraries\commons-logging\commons-logging\1.2\commons-logging-1.2.jar;\AppData\Roaming\.minecraft\libraries\io\netty\netty-buffer\4.1.97.Final\netty-buffer-4.1.97.Final.jar;\AppData\Roaming\.minecraft\libraries\io\netty\netty-codec\4.1.97.Final\netty-codec-4.1.97.Final.jar;\AppData\Roaming\.minecraft\libraries\io\netty\netty-common\4.1.97.Final\netty-common-4.1.97.Final.jar;\AppData\Roaming\.minecraft\libraries\io\netty\netty-handler\4.1.97.Final\netty-handler-4.1.97.Final.jar;\AppData\Roaming\.minecraft\libraries\io\netty\netty-resolver\4.1.97.Final\netty-resolver-4.1.97.Final.jar;\AppData\Roaming\.minecraft\libraries\io\netty\netty-transport-classes-epoll\4.1.97.Final\netty-transport-classes-epoll-4.1.97.Final.jar;\AppData\Roaming\.minecraft\libraries\io\netty\netty-transport-native-unix-common\4.1.97.Final\netty-transport-native-unix-common-4.1.97.Final.jar;\AppData\Roaming\.minecraft\libraries\io\netty\netty-transport\4.1.97.Final\netty-transport-4.1.97.Final.jar;\AppData\Roaming\.minecraft\libraries\it\unimi\dsi\fastutil\8.5.12\fastutil-8.5.12.jar;\AppData\Roaming\.minecraft\libraries\net\java\dev\jna\jna-platform\5.14.0\jna-platform-5.14.0.jar;\AppData\Roaming\.minecraft\libraries\net\java\dev\jna\jna\5.14.0\jna-5.14.0.jar;\AppData\Roaming\.minecraft\libraries\org\apache\commons\commons-compress\1.26.0\commons-compress-1.26.0.jar;\AppData\Roaming\.minecraft\libraries\org\apache\httpcomponents\httpclient\4.5.13\httpclient-4.5.13.jar;\AppData\Roaming\.minecraft\libraries\org\apache\httpcomponents\httpcore\4.4.16\httpcore-4.4.16.jar;\AppData\Roaming\.minecraft\libraries\org\jcraft\jorbis\0.0.17\jorbis-0.0.17.jar;\AppData\Roaming\.minecraft\libraries\org\joml\joml\1.10.5\joml-1.10.5.jar;\AppData\Roaming\.minecraft\libraries\org\lwjgl\lwjgl-freetype\3.3.3\lwjgl-freetype-3.3.3.jar;\AppData\Roaming\.minecraft\libraries\org\lwjgl\lwjgl-freetype\3.3.3\lwjgl-freetype-3.3.3-natives-windows.jar;\AppData\Roaming\.minecraft\libraries\org\lwjgl\lwjgl-freetype\3.3.3\lwjgl-freetype-3.3.3-natives-windows-arm64.jar;\AppData\Roaming\.minecraft\libraries\org\lwjgl\lwjgl-freetype\3.3.3\lwjgl-freetype-3.3.3-natives-windows-x86.jar;\AppData\Roaming\.minecraft\libraries\org\lwjgl\lwjgl-glfw\3.3.3\lwjgl-glfw-3.3.3.jar;\AppData\Roaming\.minecraft\libraries\org\lwjgl\lwjgl-glfw\3.3.3\lwjgl-glfw-3.3.3-natives-windows.jar;\AppData\Roaming\.minecraft\libraries\org\lwjgl\lwjgl-glfw\3.3.3\lwjgl-glfw-3.3.3-natives-windows-arm64.jar;\AppData\Roaming\.minecraft\libraries\org\lwjgl\lwjgl-glfw\3.3.3\lwjgl-glfw-3.3.3-natives-windows-x86.jar;\AppData\Roaming\.minecraft\libraries\org\lwjgl\lwjgl-jemalloc\3.3.3\lwjgl-jemalloc-3.3.3.jar;\AppData\Roaming\.minecraft\libraries\org\lwjgl\lwjgl-jemalloc\3.3.3\lwjgl-jemalloc-3.3.3-natives-windows.jar;\AppData\Roaming\.minecraft\libraries\org\lwjgl\lwjgl-jemalloc\3.3.3\lwjgl-jemalloc-3.3.3-natives-windows-arm64.jar;\AppData\Roaming\.minecraft\libraries\org\lwjgl\lwjgl-jemalloc\3.3.3\lwjgl-jemalloc-3.3.3-natives-windows-x86.jar;\AppData\Roaming\.minecraft\libraries\org\lwjgl\lwjgl-openal\3.3.3\lwjgl-openal-3.3.3.jar;\AppData\Roaming\.minecraft\libraries\org\lwjgl\lwjgl-openal\3.3.3\lwjgl-openal-3.3.3-natives-windows.jar;\AppData\Roaming\.minecraft\libraries\org\lwjgl\lwjgl-openal\3.3.3\lwjgl-openal-3.3.3-natives-windows-arm64.jar;\AppData\Roaming\.minecraft\libraries\org\lwjgl\lwjgl-openal\3.3.3\lwjgl-openal-3.3.3-natives-windows-x86.jar;\AppData\Roaming\.minecraft\libraries\org\lwjgl\lwjgl-opengl\3.3.3\lwjgl-opengl-3.3.3.jar;\AppData\Roaming\.minecraft\libraries\org\lwjgl\lwjgl-opengl\3.3.3\lwjgl-opengl-3.3.3-natives-windows.jar;\AppData\Roaming\.minecraft\libraries\org\lwjgl\lwjgl-opengl\3.3.3\lwjgl-opengl-3.3.3-natives-windows-arm64.jar;\AppData\Roaming\.minecraft\libraries\org\lwjgl\lwjgl-opengl\3.3.3\lwjgl-opengl-3.3.3-natives-windows-x86.jar;\AppData\Roaming\.minecraft\libraries\org\lwjgl\lwjgl-stb\3.3.3\lwjgl-stb-3.3.3.jar;\AppData\Roaming\.minecraft\libraries\org\lwjgl\lwjgl-stb\3.3.3\lwjgl-stb-3.3.3-natives-windows.jar;\AppData\Roaming\.minecraft\libraries\org\lwjgl\lwjgl-stb\3.3.3\lwjgl-stb-3.3.3-natives-windows-arm64.jar;\AppData\Roaming\.minecraft\libraries\org\lwjgl\lwjgl-stb\3.3.3\lwjgl-stb-3.3.3-natives-windows-x86.jar;\AppData\Roaming\.minecraft\libraries\org\lwjgl\lwjgl-tinyfd\3.3.3\lwjgl-tinyfd-3.3.3.jar;\AppData\Roaming\.minecraft\libraries\org\lwjgl\lwjgl-tinyfd\3.3.3\lwjgl-tinyfd-3.3.3-natives-windows.jar;\AppData\Roaming\.minecraft\libraries\org\lwjgl\lwjgl-tinyfd\3.3.3\lwjgl-tinyfd-3.3.3-natives-windows-arm64.jar;\AppData\Roaming\.minecraft\libraries\org\lwjgl\lwjgl-tinyfd\3.3.3\lwjgl-tinyfd-3.3.3-natives-windows-x86.jar;\AppData\Roaming\.minecraft\libraries\org\lwjgl\lwjgl\3.3.3\lwjgl-3.3.3.jar;\AppData\Roaming\.minecraft\libraries\org\lwjgl\lwjgl\3.3.3\lwjgl-3.3.3-natives-windows.jar;\AppData\Roaming\.minecraft\libraries\org\lwjgl\lwjgl\3.3.3\lwjgl-3.3.3-natives-windows-arm64.jar;\AppData\Roaming\.minecraft\libraries\org\lwjgl\lwjgl\3.3.3\lwjgl-3.3.3-natives-windows-x86.jar;\AppData\Roaming\.minecraft\libraries\org\lz4\lz4-java\1.8.0\lz4-java-1.8.0.jar;\AppData\Roaming\.minecraft\versions\neoforge-21.1.169\neoforge-21.1.169.jar
Launcher Type: SUN_STANDARD

[Global flags]
     intx CICompilerCount                          = 4                                         {product} {ergonomic}
     uint ConcGCThreads                            = 2                                         {product} {ergonomic}
     uint G1ConcRefinementThreads                  = 8                                         {product} {ergonomic}
     uint G1EagerReclaimRemSetThreshold            = 256                                  {experimental} {ergonomic}
   size_t G1HeapRegionSize                         = 33554432                                  {product} {command line}
    uintx G1NewSizePercent                         = 20                                   {experimental} {command line}
     uint G1RemSetArrayOfCardsEntries              = 256                                  {experimental} {ergonomic}
     uint G1RemSetHowlMaxNumBuckets                = 8                                    {experimental} {ergonomic}
     uint G1RemSetHowlNumBuckets                   = 8                                    {experimental} {ergonomic}
    uintx G1ReservePercent                         = 20                                        {product} {command line}
    uintx GCDrainStackTargetSize                   = 64                                        {product} {ergonomic}
    ccstr HeapDumpPath                             = MojangTricksIntelDriversForPerformance_javaw.exe_minecraft.exe.heapdump         {manageable} {command line}
   size_t InitialHeapSize                          = 268435456                                 {product} {ergonomic}
   size_t MarkStackSize                            = 4194304                                   {product} {ergonomic}
    uintx MaxGCPauseMillis                         = 50                                        {product} {command line}
   size_t MaxHeapSize                              = 2147483648                                {product} {command line}
   size_t MaxNewSize                               = 1275068416                                {product} {ergonomic}
   size_t MinHeapDeltaBytes                        = 33554432                                  {product} {ergonomic}
   size_t MinHeapSize                              = 33554432                                  {product} {ergonomic}
    uintx NonNMethodCodeHeapSize                   = 5839372                                {pd product} {ergonomic}
    uintx NonProfiledCodeHeapSize                  = 122909434                              {pd product} {ergonomic}
    uintx ProfiledCodeHeapSize                     = 122909434                              {pd product} {ergonomic}
    uintx ReservedCodeCacheSize                    = 251658240                              {pd product} {ergonomic}
     bool SegmentedCodeCache                       = true                                      {product} {ergonomic}
   size_t SoftMaxHeapSize                          = 2147483648                             {manageable} {ergonomic}
     intx ThreadStackSize                          = 1024                                   {pd product} {command line}
     bool UnlockExperimentalVMOptions              = true                                 {experimental} {command line}
     bool UseCompressedOops                        = true                           {product lp64_product} {ergonomic}
     bool UseFastUnorderedTimeStamps               = true                                 {experimental} {ergonomic}
     bool UseG1GC                                  = true                                      {product} {command line}
     bool UseLargePagesIndividualAllocation        = false                                  {pd product} {ergonomic}

Logging:
Log output configuration:
 #0: stdout all=warning uptime,level,tags foldmultilines=false
 #1: stderr all=off uptime,level,tags foldmultilines=false

Environment Variables:
PATH=C:\Python313\Scripts\;C:\Python313\;c:\devkitPro\msys2\usr\bin;C:\Program Files (x86)\VMware\VMware Player\bin\;C:\Windows\system32;C:\Windows;C:\Windows\System32\Wbem;C:\Windows\System32\WindowsPowerShell\v1.0\;C:\Windows\System32\OpenSSH\;C:\Program Files (x86)\NVIDIA Corporation\PhysX\Common;C:\Program Files\Git\cmd;C:\Program Files\nodejs\;C:\ProgramData\chocolatey\bin;C:\Program Files\NVIDIA Corporation\NVIDIA App\NvDLISR;C:\Program Files\dotnet\;\AppData\Local\Programs\Eclipse Adoptium\jdk-21.0.10.7-hotspot\bin;\AppData\Local\Programs\Python\Python310\Scripts\;\AppData\Local\Programs\Python\Python310\;\AppData\Local\Microsoft\WindowsApps;C:\Program Files\Tesseract-OCR;C:\MinGW;\AppData\Roaming\npm;\AppData\Roaming\Python\Python313\Scripts;I:\ffmpg\ffmpeg-2025-12-31-git-38e89fe502-essentials_build\bin;\Desktop\ffmpeg\ffmpeg-8.0.1-essentials_build\bin;\AppData\Local\Microsoft\WinGet\Links
USERNAME=%USERPROFILE%
OS=Windows_NT
PROCESSOR_IDENTIFIER=Intel64 Family 6 Model 60 Stepping 3, GenuineIntel
TMP=<TMP>
TEMP=<TEMP>




Periodic native trim disabled

---------------  S Y S T E M  ---------------

OS:
 Windows 10 , 64 bit Build 19041 (10.0.19041.5915)
OS uptime: 2 days 10:31 hours
Hyper-V role detected

CPU: total 8 (initial active 8) (4 cores per cpu, 2 threads per core) family 6 model 60 stepping 3 microcode 0x27, cx8, cmov, fxsr, ht, mmx, sse, sse2, sse3, ssse3, sse4.1, sse4.2, popcnt, lzcnt, tsc, tscinvbit, avx, avx2, aes, erms, clmul, bmi1, bmi2, fma, vzeroupper, clflush, hv, rdtscp, f16c
Processor Information for the first 8 processors :
  Max Mhz: 3301, Current Mhz: 3301, Mhz Limit: 3301

Memory: 4k page, system-wide physical 16328M (3156M free)
TotalPageFile size 34760M (AvailPageFile size 8636M)
current process WorkingSet (physical memory assigned to process): 1177M, peak: 1179M
current process commit charge ("private bytes"): 1431M, peak: 1541M

vm_info: OpenJDK 64-Bit Server VM (21.0.7+6-LTS) for windows-amd64 JRE (21.0.7+6-LTS), built on 2025-04-09T22:17:25Z by "MicrosoftCorporation" with unknown MS VC++:1939

END.
